     1                                  %include	"../include/define.s"
     1                              <1> BOOT_LOAD		equ	0x7c00
     2                              <1> BOOT_END		equ	BOOT_LOAD + BOOT_SIZE
     3                              <1> 
     4                              <1> BOOT_SIZE		equ	(1024 * 8)
     5                              <1> SECT_SIZE		equ	(512)
     6                              <1> BOOT_SECT		equ	(BOOT_SIZE / SECT_SIZE)
     7                              <1> 
     8                              <1> E820_RECORD_SIZE	equ	20
     9                              <1> 
    10                              <1> KERNEL_LOAD		equ	0x0010_1000
    11                              <1> KERNEL_SIZE		equ	(1024 * 8)
    12                              <1> KERNEL_SECT		equ	(KERNEL_SIZE / SECT_SIZE)
    13                              <1> 
    14                              <1> VECT_BASE		equ	0x0010_0000
    15                              <1> 
    16                              <1> %define			RING_ITEM_SIZE	(1 << 4)
    17                              <1> %define			RING_INDEX_MASK	(RING_ITEM_SIZE - 1)
    18                              <1> 
    19                              <1> struc			ring_buff		; for keyboard
    20 00000000 <res 00000004>      <1> 				.rp	resd	1
    21 00000004 <res 00000004>      <1> 				.wp	resd	1
    22 00000008 <res 00000010>      <1> 				.item	resb	RING_ITEM_SIZE
    23                              <1> endstruc
    24                              <1> ;struc ring_buff
    25                              <1> ;    .rp resd 1                  ; RP:書き込み位置
    26                              <1> ;    .wp resd 1                  ; WP:読み込み位置
    27                              <1> ;    .item resb RING_ITEM_SIZE   ; バッファ
    28                              <1> ;endstruc
    29                              <1> 
    30                              <1> STACK_BASE		equ	0x0010_3000
    31                              <1> STACK_SIZE		equ	1024
    32                              <1> 
    33                              <1> SP_TASK_0		equ	STACK_BASE + (STACK_SIZE * 1)
    34                              <1> SP_TASK_1		equ	STACK_BASE + (STACK_SIZE * 2)
     2                                  %include	"../include/cdecl.s"
     1                              <1> %macro	cdecl	1-*.nolist
     2                              <1> 	%rep	%0 - 1
     3                              <1> 		push	%{-1:-1}
     4                              <1> 		%rotate -1
     5                              <1> 	%endrep
     6                              <1> 	%rotate -1
     7                              <1> 		call %1
     8                              <1> 	%if 1 < %0
     9                              <1> 		add	sp,(__BITS__ >> 3) * (%0 - 1)
    10                              <1> 	%endif
    11                              <1> %endmacro
     3                                  %include	"../include/drive.s"
     1                              <1> struc drive
     2 00000000 <res 00000002>      <1> 	.no	resw	1	; number of drive
     3 00000002 <res 00000002>      <1> 	.cyln	resw	1	; cylnder
     4 00000004 <res 00000002>      <1> 	.head	resw	1	; head
     5 00000006 <res 00000002>      <1> 	.sect	resw	1	; sector
     6                              <1> endstruc
     4                                  %include	"../include/set_vect.s"
     1                              <1> %macro	set_vect 1-*.nolist	; vector_number, function_pointer
     2                              <1> 	push	eax
     3                              <1> 	push	edi
     4                              <1> 
     5                              <1> 	mov	edi, VECT_BASE + (%1 * 8)	; number converts to address
     6                              <1> 	mov	eax, %2
     7                              <1> 	
     8                              <1> 	%if	%0 == 3
     9                              <1> 		mov	[edi + 4],%3
    10                              <1> 	%endif
    11                              <1> 
    12                              <1> 	mov	[edi + 0], ax			; bottom
    13                              <1> 	shr	eax, 16
    14                              <1> 	mov	[edi + 6], ax			; tom
    15                              <1> 
    16                              <1> 
    17                              <1> 	pop	edi
    18                              <1> 	pop	eax
    19                              <1> %endmacro
     5                                  %include	"../include/outp.s"
     1                              <1> %macro	outp	2
     2                              <1> 	mov	al, %2
     3                              <1> 	out	%1, al
     4                              <1> %endmacro
     6                                  %include	"../include/set_desc.s"
     1                              <1> %macro	set_desc	2-*
     2                              <1> 	push	eax
     3                              <1> 	push	edi
     4                              <1> 
     5                              <1> 	mov	edi, %1
     6                              <1> 	mov	eax, %2
     7                              <1> 
     8                              <1> 	%if %0 == 3
     9                              <1> 		mov	[edi + 0], %3
    10                              <1> 	%endif
    11                              <1> 
    12                              <1> 	mov	[edi + 2], ax
    13                              <1> 	shr	eax, 16
    14                              <1> 	mov	[edi + 4], al
    15                              <1> 	mov	[edi + 7], ah
    16                              <1> 
    17                              <1> 	pop	edi
    18                              <1> 	pop	eax
    19                              <1> %endmacro
     7                                  ;%include	"../../../../testOS/src/include/macro.s"
     8                                  
     9                                  ORG	KERNEL_LOAD
    10                                  
    11                                  ALIGN	4
    12 00000000 FF07                    IDTR:	dw	8 * 256 - 1	; size
    13 00000002 00001000                	dd	VECT_BASE
    14                                  
    15                                  
    16                                  [BITS 32]
    17                                  
    18                                  
    19                                  kernel:
    20 00000006 FA                      	cli
    21                                  
    22                                  
    23 00000007 BE007E0000              	mov	esi, BOOT_LOAD + SECT_SIZE
    24 0000000C 0FB706                  	movzx	eax, word [esi + 0]
    25 0000000F 0FB75E02                	movzx	ebx, word [esi + 2]
    26 00000013 C1E004                  	shl	eax, 4
    27 00000016 01D8                    	add	eax, ebx		; Emulate real mode addressing
    28 00000018 A3[A0010000]            	mov	[FONT_ADR], eax
    29                                  	
    30                                  	set_desc	GDT.ldt, LDT, word LDT_LIMIT
    30 0000001D 50                  <1>  push eax
    30 0000001E 57                  <1>  push edi
    30                              <1> 
    30 0000001F BF[CC0A0000]        <1>  mov edi, %1
    30 00000024 B8[8C0A0000]        <1>  mov eax, %2
    30                              <1> 
    30                              <1>  %if %0 == 3
    30 00000029 66C7072700          <1>  mov [edi + 0], %3
    30                              <1>  %endif
    30                              <1> 
    30 0000002E 66894702            <1>  mov [edi + 2], ax
    30 00000032 C1E810              <1>  shr eax, 16
    30 00000035 884704              <1>  mov [edi + 4], al
    30 00000038 886707              <1>  mov [edi + 7], ah
    30                              <1> 
    30 0000003B 5F                  <1>  pop edi
    30 0000003C 58                  <1>  pop eax
    31                                  	set_desc	GDT.tss_0, TSS_0
    31 0000003D 50                  <1>  push eax
    31 0000003E 57                  <1>  push edi
    31                              <1> 
    31 0000003F BF[D40A0000]        <1>  mov edi, %1
    31 00000044 B8[EA0A0000]        <1>  mov eax, %2
    31                              <1> 
    31                              <1>  %if %0 == 3
    31                              <1>  mov [edi + 0], %3
    31                              <1>  %endif
    31                              <1> 
    31 00000049 66894702            <1>  mov [edi + 2], ax
    31 0000004D C1E810              <1>  shr eax, 16
    31 00000050 884704              <1>  mov [edi + 4], al
    31 00000053 886707              <1>  mov [edi + 7], ah
    31                              <1> 
    31 00000056 5F                  <1>  pop edi
    31 00000057 58                  <1>  pop eax
    32                                  	set_desc	GDT.tss_1, TSS_1
    32 00000058 50                  <1>  push eax
    32 00000059 57                  <1>  push edi
    32                              <1> 
    32 0000005A BF[DC0A0000]        <1>  mov edi, %1
    32 0000005F B8[520B0000]        <1>  mov eax, %2
    32                              <1> 
    32                              <1>  %if %0 == 3
    32                              <1>  mov [edi + 0], %3
    32                              <1>  %endif
    32                              <1> 
    32 00000064 66894702            <1>  mov [edi + 2], ax
    32 00000068 C1E810              <1>  shr eax, 16
    32 0000006B 884704              <1>  mov [edi + 4], al
    32 0000006E 886707              <1>  mov [edi + 7], ah
    32                              <1> 
    32 00000071 5F                  <1>  pop edi
    32 00000072 58                  <1>  pop eax
    33 00000073 0F0115[E40A0000]        	lgdt		[GDTR]
    34                                  
    35 0000007A BC00341000              	mov	esp, SP_TASK_0
    36 0000007F 66B82000                	mov	ax, SS_TASK_0	; set tss0
    37 00000083 0F00D8                  	ltr	ax
    38                                  	; say "this process is task 0" to CPU
    39                                  
    40                                  
    41 00000086 E84B080000              	cdecl	init_int
    42 0000008B E8E4060000              	cdecl	init_pic
    43                                  
    44 00000090 5057BF00001000B8-       	set_vect	0x00, int_zero_div
    44 00000098 [0D090000]668907C1-
    44 000000A0 E810668947065F58   
    45 000000A8 5057BF00011000B8-       	set_vect	0x20, int_timer
    45 000000B0 [170A0000]668907C1-
    45 000000B8 E810668947065F58   
    46 000000C0 5057BF08011000B8-       	set_vect	0x21, int_keyboard
    46 000000C8 [2B090000]668907C1-
    46 000000D0 E810668947065F58   
    47 000000D8 5057BF40011000B8-       	set_vect	0x28, int_rtc
    47 000000E0 [37070000]668907C1-
    47 000000E8 E810668947065F58   
    48                                  	
    49 000000F0 6A10E8690600006683-     	cdecl	rtc_int_en, 0x10	; interrupt per udpate
    49 000000F9 C404               
    50 000000FB E838090000              	cdecl	int_en_timer
    51                                  	
    52                                  	outp	0x21, 0b1111_1000	; slave
    52 00000100 B0F8                <1>  mov al, %2
    52 00000102 E621                <1>  out %1, al
    53                                  	outp	0xA1, 0b1111_1110	; rtc
    53 00000104 B0FE                <1>  mov al, %2
    53 00000106 E6A1                <1>  out %1, al
    54                                  	
    55 00000108 FB                      	sti
    56                                  
    57 00000109 6A0D6A3FE80D020000-     	cdecl	draw_font, 63, 13
    57 00000112 6683C408           
    58 00000116 6A046A3FE884020000-     	cdecl	draw_color_bar, 63, 4
    58 0000011F 6683C408           
    59                                  
    60 00000123 68[74010000]680F01-             cdecl	draw_str, 25, 14, 0x010F, .s0
    60 0000012B 00006A0E6A19E82402-
    60 00000134 00006683C410       
    61                                  
    62                                  
    63                                  .10L:
    64                                  	
    65 0000013A EA102700002800          	jmp	SS_TASK_1:10000
    66                                  
    67 00000141 E807090000              	cdecl	draw_rotation_bar
    68                                  
    69 00000146 68[9B010000]68-         	cdecl	ring_rd, _KEY_BUFF, .int_key
    69 0000014C [50090000]E8130800-
    69 00000154 006683C408         
    70 00000159 83F800                  	cmp	eax, 0
    71 0000015C 74DC                    	je	.10L
    72                                  
    73 0000015E 68[50090000]6A1D6A-     	cdecl	draw_key, 2, 29, _KEY_BUFF
    73 00000166 02E8580800006683C4-
    73 0000016F 0C                 
    74                                  
    75                                  
    76 00000170 EBC8                    	jmp	.10L
    77                                  
    78 00000172 EBFE                    	jmp	$
    79                                  	
    80                                  	
    81 00000174 2048656C6C6F2C206B-     .s0:	db	" Hello, kernel! ", 0
    81 0000017D 65726E656C212000   
    82 00000185 2D2D2D2D00              .t0:	db	"----",0
    83 0000018A 2D2D2D2D2D2D2D2D2D-     .t1:	db	"----------------",0
    83 00000193 2D2D2D2D2D2D2D00   
    84 0000019B 00000000                .int_key:	dd	0
    85                                  
    86 0000019F 00                      ALIGN	4,	db	0
    87 000001A0 00000000                FONT_ADR:	dd	0
    88 000001A4 00000000                RTC_TIME:	dd	0
    89                                  
    90                                  
    91                                  %include	"../modules/protect/vga.s"
     1                              <1> vga_set_read_plane:	; cga_set_read_plane(plane)
     2                              <1> ; this function only selects read plane
     3 000001A8 55                  <1> 	push	ebp
     4 000001A9 89E5                <1> 	mov	ebp, esp
     5                              <1> 	
     6 000001AB 50                  <1> 	push	eax
     7 000001AC 52                  <1> 	push	edx
     8                              <1> 
     9 000001AD 8A6508              <1> 	mov	ah, [ebp + 8]	; 32bit
    10 000001B0 80E403              <1> 	and	ah, 0x03
    11 000001B3 B004                <1> 	mov	al, 0x04	; read map
    12 000001B5 66BACE03            <1> 	mov	dx, 0x03CE
    13 000001B9 66EF                <1> 	out	dx, ax
    14                              <1> 
    15 000001BB 5A                  <1> 	pop	edx
    16 000001BC 58                  <1> 	pop	eax
    17                              <1> 
    18 000001BD 89EC                <1> 	mov	esp,ebp
    19 000001BF 5D                  <1> 	pop	ebp
    20                              <1> 
    21 000001C0 C3                  <1> 	ret
    22                              <1> 
    23                              <1> vga_set_write_plane:
    24 000001C1 55                  <1> 	push	ebp
    25 000001C2 89E5                <1> 	mov	ebp, esp
    26                              <1> 
    27 000001C4 50                  <1> 	push	eax
    28 000001C5 52                  <1> 	push	edx
    29                              <1> 
    30 000001C6 8A6508              <1> 	mov	ah, [ebp + 8]
    31 000001C9 80E40F              <1> 	and	ah, 0x0F
    32 000001CC B002                <1> 	mov	al, 0x02		; write select
    33 000001CE 66BAC403            <1> 	mov	dx, 0x03C4
    34 000001D2 66EF                <1> 	out	dx, ax
    35                              <1> 
    36 000001D4 5A                  <1> 	pop	edx
    37 000001D5 58                  <1> 	pop	eax
    38                              <1> 
    39 000001D6 89EC                <1> 	mov	esp, ebp
    40 000001D8 5D                  <1> 	pop	ebp
    41                              <1> 
    42 000001D9 C3                  <1> 	ret
    43                              <1> 
    44                              <1> vram_font_copy: ; vram_font_copy(font,vram,plane,color)
    45                              <1> ; select plane, and same color
    46                              <1> ; so, this function must be called each plane
    47                              <1> ; COLOR FORMAT
    48                              <1> ; ----IRGB,---TIRGB
    49                              <1> ; BACK_COL,FORD_COL
    50 000001DA 55                  <1> 	push	ebp
    51 000001DB 89E5                <1> 	mov	ebp, esp
    52                              <1> 
    53 000001DD 50                  <1> 	push	eax
    54 000001DE 53                  <1> 	push	ebx
    55 000001DF 51                  <1> 	push	ecx
    56 000001E0 52                  <1> 	push	edx
    57 000001E1 56                  <1> 	push	esi
    58 000001E2 57                  <1> 	push	edi
    59                              <1> 
    60 000001E3 8B7508              <1> 	mov	esi, [ebp + 8]		; font address
    61 000001E6 8B7D0C              <1> 	mov	edi, [ebp +12]		; vram address
    62 000001E9 0FB64510            <1> 	movzx	eax, byte [ebp +16]	; abs expand
    63 000001ED 0FB75D14            <1> 	movzx	ebx, word [ebp +20]	; abs expand. color
    64                              <1> 
    65                              <1> 	; DX is mask value
    66 000001F1 84C7                <1> 	test	bh, al			; BACK
    67 000001F3 0F94C6              <1> 	setz	dh			; DH = ZF ? 0x01 : 0x00
    68 000001F6 FECE                <1> 	dec	dh			; DH = ZF ? 0x00 : 0xFF
    69                              <1> 
    70 000001F8 84C3                <1> 	test	bl, al			; FORWARD
    71 000001FA 0F94C2              <1> 	setz	dl
    72 000001FD FECA                <1> 	dec	dl
    73                              <1> 
    74 000001FF FC                  <1> 	cld	; Direction PLUS
    75                              <1> 
    76 00000200 B910000000          <1> 	mov	ecx, 16			; 16 dot
    77                              <1> .10L:
    78 00000205 AC                  <1> 	lodsb				; AX = [ESI],ESI++
    79 00000206 88C4                <1> 	mov	ah, al			; AL is font data
    80 00000208 F6D4                <1> 	not	ah			; AH is anti font data
    81                              <1> 
    82 0000020A 20D0                <1> 	and	al, dl			; FORWARD font data
    83                              <1> 
    84 0000020C F7C310000000        <1> 	test	ebx, 0b00010000		; I bit
    85 00000212 7404                <1> 	jz	.11F
    86 00000214 2227                <1> 	and	ah, [edi]
    87 00000216 EB02                <1> 	jmp	.11E
    88                              <1> .11F:
    89 00000218 20F4                <1> 	and	ah, dh			; normal
    90                              <1> .11E:
    91 0000021A 08E0                <1> 	or	al,ah
    92 0000021C 8807                <1> 	mov	[edi],al
    93                              <1> 
    94 0000021E 83C750              <1> 	add	edi,80			; next
    95 00000221 E2E2                <1> 	loop	.10L
    96                              <1> .10E:
    97                              <1> 
    98 00000223 5F                  <1> 	pop	edi
    99 00000224 5E                  <1> 	pop	esi
   100 00000225 5A                  <1> 	pop	edx
   101 00000226 59                  <1> 	pop	ecx
   102 00000227 5B                  <1> 	pop	ebx
   103 00000228 58                  <1> 	pop	eax
   104                              <1> 
   105 00000229 89EC                <1> 	mov	esp, ebp
   106 0000022B 5D                  <1> 	pop	ebp
   107                              <1> 
   108 0000022C C3                  <1> 	ret
   109                              <1> 
   110                              <1> 	
   111                              <1> vram_bit_copy:
   112 0000022D 55                  <1> 	push	ebp
   113 0000022E 89E5                <1> 	mov	ebp, esp
   114                              <1> 
   115 00000230 57                  <1> 	push	edi
   116 00000231 50                  <1> 	push	eax
   117 00000232 53                  <1> 	push	ebx
   118                              <1> 
   119 00000233 8B7D0C              <1> 	mov	edi, [ebp +12]	; vram address
   120 00000236 0FB64510            <1> 	movzx	eax, byte [ebp +16]	; plane
   121 0000023A 0FB75D14            <1> 	movzx	ebx, word [ebp +20]	; color
   122                              <1> 
   123 0000023E 84C3                <1> 	test	bl, al
   124 00000240 0F94C3              <1> 	setz	bl
   125 00000243 FECB                <1> 	dec	bl
   126                              <1> 
   127 00000245 8A4508              <1> 	mov	al, [ebp + 8]	; bit pattern
   128 00000248 88C4                <1> 	mov	ah, al
   129 0000024A F6D4                <1> 	not	ah
   130                              <1> 	; AL = (bit pattern), AH = ~(bit pattern)
   131                              <1> 
   132 0000024C 2227                <1> 	and	ah, [edi]	; [edi] is now data
   133 0000024E 20D8                <1> 	and	al, bl
   134 00000250 08E0                <1> 	or	al, ah
   135 00000252 8807                <1> 	mov	[edi], al
   136                              <1> 
   137 00000254 5B                  <1> 	pop	ebx
   138 00000255 58                  <1> 	pop	eax
   139 00000256 5F                  <1> 	pop	edi
   140                              <1> 
   141 00000257 89EC                <1> 	mov	esp, ebp
   142 00000259 5D                  <1> 	pop	ebp
   143                              <1> 
   144 0000025A C3                  <1> 	ret
   145                              <1> 
    92                                  %include	"../modules/protect/draw_char.s"
     1                              <1> draw_char:
     2                              <1> ; draw_char(row,col,color,ch)
     3 0000025B 55                  <1> 	push	ebp
     4 0000025C 89E5                <1> 	mov	ebp, esp
     5                              <1> 
     6 0000025E 56                  <1> 	push	esi
     7 0000025F 57                  <1> 	push	edi
     8 00000260 50                  <1> 	push	eax
     9 00000261 53                  <1> 	push	ebx
    10 00000262 51                  <1> 	push	ecx
    11 00000263 52                  <1> 	push	edx
    12                              <1> 
    13 00000264 0FB67514            <1> 	movzx	esi, byte [ebp + 20]	; esi = ch
    14 00000268 C1E604              <1> 	shl	esi, 4
    15 0000026B 0335[A0010000]      <1> 	add	esi, [FONT_ADR]
    16                              <1> 
    17 00000271 8B7D0C              <1> 	mov	edi, [ebp +12]
    18 00000274 C1E708              <1> 	shl	edi, 8
    19 00000277 8DBCBF00000A00      <1> 	lea	edi, [edi * 4 + edi + 0x000A_0000]
    20 0000027E 037D08              <1> 	add	edi, [ebp + 8]
    21                              <1> 
    22 00000281 0FB75D10            <1> 	movzx	ebx, word [ebp +16]
    23                              <1> 
    24 00000285 6A03E81CFFFFFF6683- <1> 	cdecl	vga_set_read_plane, 0x03
    24 0000028E C404                <1>
    25 00000290 6A08E82AFFFFFF6683- <1> 	cdecl	vga_set_write_plane, 0x08
    25 00000299 C404                <1>
    26 0000029B 536A085756E835FFFF- <1> 	cdecl	vram_font_copy, esi, edi, 0x08, ebx
    26 000002A4 FF6683C410          <1>
    27                              <1> 
    28 000002A9 6A02E8F8FEFFFF6683- <1> 	cdecl	vga_set_read_plane, 0x02
    28 000002B2 C404                <1>
    29 000002B4 6A04E806FFFFFF6683- <1> 	cdecl	vga_set_write_plane, 0x04
    29 000002BD C404                <1>
    30 000002BF 536A045756E811FFFF- <1> 	cdecl	vram_font_copy, esi, edi, 0x04, ebx
    30 000002C8 FF6683C410          <1>
    31                              <1> 
    32 000002CD 6A01E8D4FEFFFF6683- <1> 	cdecl	vga_set_read_plane, 0x01
    32 000002D6 C404                <1>
    33 000002D8 6A02E8E2FEFFFF6683- <1> 	cdecl	vga_set_write_plane, 0x02
    33 000002E1 C404                <1>
    34 000002E3 536A025756E8EDFEFF- <1> 	cdecl	vram_font_copy, esi, edi, 0x02, ebx
    34 000002EC FF6683C410          <1>
    35                              <1> 	
    36 000002F1 6A00E8B0FEFFFF6683- <1> 	cdecl	vga_set_read_plane, 0x00
    36 000002FA C404                <1>
    37 000002FC 6A01E8BEFEFFFF6683- <1> 	cdecl	vga_set_write_plane, 0x01
    37 00000305 C404                <1>
    38 00000307 536A015756E8C9FEFF- <1> 	cdecl	vram_font_copy, esi, edi, 0x01, ebx
    38 00000310 FF6683C410          <1>
    39                              <1> 
    40 00000315 5A                  <1> 	pop	edx
    41 00000316 59                  <1> 	pop	ecx
    42 00000317 5B                  <1> 	pop	ebx
    43 00000318 58                  <1> 	pop	eax
    44 00000319 5F                  <1> 	pop	edi
    45 0000031A 5E                  <1> 	pop	esi
    46                              <1> 
    47 0000031B 89EC                <1> 	mov	esp, ebp
    48 0000031D 5D                  <1> 	pop	ebp
    49                              <1> 
    50 0000031E C3                  <1> 	ret
    51                              <1> 
    52                              <1> 	
    93                                  %include	"../modules/protect/draw_font.s"
     1                              <1> draw_font:
     2 0000031F 55                  <1> 	push	ebp
     3 00000320 89E5                <1> 	mov	ebp, esp
     4                              <1> 
     5 00000322 50                  <1> 	push	eax
     6 00000323 53                  <1> 	push	ebx
     7 00000324 51                  <1> 	push	ecx
     8                              <1> 
     9 00000325 B900000000          <1> 	mov	ecx, 0
    10                              <1> .10L:
    11 0000032A 81F900010000        <1> 	cmp	ecx,256
    12 00000330 7321                <1> 	jae	.10E
    13                              <1> 
    14 00000332 89C8                <1> 	mov	eax, ecx
    15 00000334 83E00F              <1> 	and	eax, 0b00001111
    16 00000337 034508              <1> 	add	eax, [ebp + 8]
    17                              <1> 
    18 0000033A 89CB                <1> 	mov	ebx, ecx
    19 0000033C C1EB04              <1> 	shr	ebx, 4
    20 0000033F 035D0C              <1> 	add	ebx, [ebp +12]
    21                              <1> 
    22 00000342 516A075350E80FFFFF- <1> 	cdecl	draw_char, eax, ebx, 0x07, ecx
    22 0000034B FF6683C410          <1>
    23                              <1> 	
    24 00000350 41                  <1> 	inc	ecx
    25 00000351 EBD7                <1> 	jmp	.10L
    26                              <1> 
    27                              <1> .10E:
    28                              <1> 
    29 00000353 59                  <1> 	pop	ecx
    30 00000354 5B                  <1> 	pop	ebx
    31 00000355 58                  <1> 	pop	eax
    32                              <1> 
    33 00000356 89EC                <1> 	mov	esp, ebp
    34 00000358 5D                  <1> 	pop	ebp
    35                              <1> 
    36 00000359 C3                  <1> 	ret
    37                              <1> 
    38                              <1> 
    39                              <1> 
    94                                  %include	"../modules/protect/draw_str.s"
     1                              <1> draw_str:	; draw_str(row,col,color,str)
     2 0000035A 55                  <1> 	push	ebp
     3 0000035B 89E5                <1> 	mov	ebp, esp
     4                              <1> 	
     5 0000035D 50                  <1> 	push	eax
     6 0000035E 53                  <1> 	push	ebx
     7 0000035F 51                  <1> 	push	ecx
     8 00000360 52                  <1> 	push	edx
     9 00000361 56                  <1> 	push	esi
    10                              <1> 
    11 00000362 8B5D08              <1> 	mov	ebx, [ebp + 8]
    12 00000365 8B4D0C              <1> 	mov	ecx, [ebp +12]
    13 00000368 0FB75510            <1> 	movzx	edx, word [ebp +16]
    14 0000036C 8B7514              <1> 	mov	esi, [ebp +20]
    15                              <1> 	
    16 0000036F FC                  <1> 	cld
    17                              <1> .10L:
    18                              <1> 	;mov	eax, 0
    19 00000370 AC                  <1> 	lodsb
    20 00000371 3C00                <1> 	cmp	al, 0
    21 00000373 7425                <1> 	je	.10E
    22 00000375 50525153E8DDFEFFFF- <1> 	cdecl	draw_char, ebx, ecx, edx, eax
    22 0000037E 6683C410            <1>
    23 00000382 43                  <1> 	inc	ebx
    24 00000383 83FB50              <1> 	cmp	ebx, 80
    25 00000386 7CE8                <1> 	jl	.10L
    26 00000388 BB00000000          <1> 	mov	ebx, 0
    27 0000038D 41                  <1> 	inc	ecx
    28 0000038E 83F91E              <1> 	cmp	ecx, 30
    29 00000391 7CDD                <1> 	jl	.10L
    30 00000393 B900000000          <1> 	mov	ecx, 0
    31                              <1> 	
    32 00000398 EBD6                <1> 	jmp	.10L
    33                              <1> .10E:
    34                              <1> 
    35 0000039A 5E                  <1> 	pop	esi
    36 0000039B 5A                  <1> 	pop	edx
    37 0000039C 59                  <1> 	pop	ecx
    38 0000039D 5B                  <1> 	pop	ebx
    39 0000039E 58                  <1> 	pop	eax
    40                              <1> 
    41 0000039F 89EC                <1> 	mov	esp, ebp
    42 000003A1 5D                  <1> 	pop	ebp
    43                              <1> 
    44 000003A2 C3                  <1> 	ret
    95                                  %include	"../modules/protect/draw_color_bar.s"
     1                              <1> draw_color_bar:	; draw_color_bar(row,col)
     2 000003A3 55                  <1> 	push	ebp
     3 000003A4 89E5                <1> 	mov	ebp, esp
     4                              <1> 
     5 000003A6 56                  <1> 	push	esi
     6 000003A7 57                  <1> 	push	edi
     7 000003A8 50                  <1> 	push	eax
     8 000003A9 53                  <1> 	push	ebx
     9 000003AA 51                  <1> 	push	ecx
    10 000003AB 52                  <1> 	push	edx
    11                              <1> 
    12 000003AC 8B7508              <1> 	mov	esi, [ebp + 8]
    13 000003AF 8B7D0C              <1> 	mov	edi, [ebp +12]
    14                              <1> 
    15 000003B2 B900000000          <1> 	mov	ecx, 0		; counter
    16                              <1> .10L:
    17 000003B7 83F910              <1> 	cmp	ecx, 16
    18 000003BA 732E                <1> 	jae	.10E
    19                              <1> 
    20 000003BC 89C8                <1> 	mov	eax, ecx
    21 000003BE 83E001              <1> 	and	eax, 0x01	; % 2
    22 000003C1 C1E003              <1> 	shl	eax, 3		; *= 8
    23 000003C4 01F0                <1> 	add	eax, esi
    24                              <1> 
    25 000003C6 89CB                <1> 	mov	ebx, ecx
    26 000003C8 D1EB                <1> 	shr	ebx, 1		; / 2
    27 000003CA 01FB                <1> 	add	ebx, edi	
    28                              <1> 
    29                              <1> 	; (x,y) = (eax,ebx)
    30                              <1> 
    31 000003CC 89CA                <1> 	mov	edx, ecx
    32 000003CE D1E2                <1> 	shl	edx, 1
    33 000003D0 8B92[FD030000]      <1> 	mov	edx, [.t0 + edx]	; select color
    34                              <1> 
    35 000003D6 68[F4030000]525350- <1> 	cdecl	draw_str, eax, ebx, edx, .s0
    35 000003DE E877FFFFFF6683C410  <1>
    36                              <1> 
    37 000003E7 41                  <1> 	inc	ecx
    38 000003E8 EBCD                <1> 	jmp	.10L
    39                              <1> 
    40                              <1> .10E:
    41 000003EA 52                  <1> 	push	edx	
    42 000003EB 51                  <1> 	push	ecx	
    43 000003EC 53                  <1> 	push	ebx	
    44 000003ED 50                  <1> 	push	eax	
    45 000003EE 57                  <1> 	push	edi	
    46 000003EF 56                  <1> 	push	esi	
    47                              <1> 
    48 000003F0 89EC                <1> 	mov	esp, ebp
    49 000003F2 5D                  <1> 	pop	ebp
    50                              <1> 
    51 000003F3 C3                  <1> 	ret
    52                              <1> 
    53                              <1> ;.s0:	db	"        ",0
    54 000003F4 202020202020202000  <1> .s0:    db '        ', 0
    55                              <1> 
    56 000003FD 00000008            <1> .t0:	dw 0x0000,0x0800
    57 00000401 00010009            <1> 	dw 0x0100,0x0900
    58 00000405 0002000A            <1> 	dw 0x0200,0x0A00
    59 00000409 0003000B            <1> 	dw 0x0300,0x0B00
    60 0000040D 0004000C            <1> 	dw 0x0400,0x0C00
    61 00000411 0005000D            <1> 	dw 0x0500,0x0D00
    62 00000415 0006000E            <1> 	dw 0x0600,0x0E00
    63 00000419 0007000F            <1> 	dw 0x0700,0x0F00
    96                                  %include	"../modules/protect/draw_pixel.s"
     1                              <1> draw_pixel:	; draw_pixel(X,Y,color)
     2                              <1> ; X,Y is PIXEL data
     3 0000041D 55                  <1> 	push	ebp
     4 0000041E 89E5                <1> 	mov	ebp, esp
     5                              <1> 
     6 00000420 57                  <1> 	push	edi
     7 00000421 53                  <1> 	push	ebx
     8 00000422 51                  <1> 	push	ecx
     9                              <1> 
    10 00000423 8B7D0C              <1> 	mov	edi, [ebp +12]
    11 00000426 C1E704              <1> 	shl	edi, 4
    12 00000429 8DBCBF00000A00      <1> 	lea	edi, [edi * 4 + edi + 0x000A_0000]
    13                              <1> 
    14 00000430 8B5D08              <1> 	mov	ebx, [ebp + 8]	
    15 00000433 89D9                <1> 	mov	ecx, ebx
    16 00000435 C1EB03              <1> 	shr	ebx, 3
    17 00000438 01DF                <1> 	add	edi, ebx
    18                              <1> 
    19 0000043A 83E107              <1> 	and	ecx, 0x07
    20 0000043D BB80000000          <1> 	mov	ebx, 0b1000_0000
    21                              <1> 	; for examle. ecx = 1
    22                              <1> 	; ebx = 0b0100_0000
    23 00000442 D3EB                <1> 	shr	ebx, cl
    24                              <1> 	
    25 00000444 8B4D10              <1> 	mov	ecx, [ebp +16]	; color
    26                              <1> 
    27 00000447 6A03E85AFDFFFF6683- <1> 	cdecl	vga_set_read_plane, 0x03
    27 00000450 C404                <1>
    28 00000452 6A08E868FDFFFF6683- <1> 	cdecl	vga_set_write_plane, 0x08
    28 0000045B C404                <1>
    29 0000045D 516A085753E8C6FDFF- <1> 	cdecl	vram_bit_copy, ebx, edi, 0x08, ecx
    29 00000466 FF6683C410          <1>
    30                              <1> 	; vram_bit_copy
    31                              <1> 	; bit_pattarn, address, plane, color
    32                              <1> 
    33 0000046B 6A02E836FDFFFF6683- <1> 	cdecl	vga_set_read_plane, 0x02
    33 00000474 C404                <1>
    34 00000476 6A04E844FDFFFF6683- <1> 	cdecl	vga_set_write_plane, 0x04
    34 0000047F C404                <1>
    35 00000481 516A045753E8A2FDFF- <1> 	cdecl	vram_bit_copy, ebx, edi, 0x04, ecx
    35 0000048A FF6683C410          <1>
    36                              <1> 	
    37 0000048F 6A01E812FDFFFF6683- <1> 	cdecl	vga_set_read_plane, 0x01
    37 00000498 C404                <1>
    38 0000049A 6A02E820FDFFFF6683- <1> 	cdecl	vga_set_write_plane, 0x02
    38 000004A3 C404                <1>
    39 000004A5 516A025753E87EFDFF- <1> 	cdecl	vram_bit_copy, ebx, edi, 0x02, ecx
    39 000004AE FF6683C410          <1>
    40                              <1> 	
    41 000004B3 6A00E8EEFCFFFF6683- <1> 	cdecl	vga_set_read_plane, 0x00
    41 000004BC C404                <1>
    42 000004BE 6A01E8FCFCFFFF6683- <1> 	cdecl	vga_set_write_plane, 0x01
    42 000004C7 C404                <1>
    43 000004C9 516A015753E85AFDFF- <1> 	cdecl	vram_bit_copy, ebx, edi, 0x01, ecx
    43 000004D2 FF6683C410          <1>
    44                              <1> 
    45 000004D7 59                  <1> 	pop	ecx
    46 000004D8 5B                  <1> 	pop	ebx
    47 000004D9 5F                  <1> 	pop	edi
    48                              <1> 
    49 000004DA 89EC                <1> 	mov	esp, ebp
    50 000004DC 5D                  <1> 	pop	ebp
    51                              <1> 
    52 000004DD C3                  <1> 	ret
    53                              <1> 
    97                                  %include	"../modules/protect/draw_line.s"
     1                              <1> draw_line:	; draw_line(X0,Y0,X1,Y0,color)
     2 000004DE 55                  <1> 	push	ebp
     3 000004DF 89E5                <1> 	mov	ebp, esp
     4                              <1> 
     5 000004E1 6A00                <1> 	push	dword 0	; SUM: - 4
     6 000004E3 6A00                <1> 	push	dword 0	; x0 : - 8
     7 000004E5 6A00                <1> 	push	dword 0	; wid: -12
     8 000004E7 6A00                <1> 	push	dword 0	; inx: -16
     9 000004E9 6A00                <1> 	push	dword 0	; y0 : -20
    10 000004EB 6A00                <1> 	push	dword 0	; hei: -24
    11 000004ED 6A00                <1> 	push	dword 0	; iny: -28
    12                              <1> 
    13 000004EF 50                  <1> 	push	eax
    14 000004F0 53                  <1> 	push	ebx
    15 000004F1 51                  <1> 	push	ecx
    16 000004F2 52                  <1> 	push	edx
    17 000004F3 56                  <1> 	push	esi
    18 000004F4 57                  <1> 	push	edi
    19                              <1> 
    20 000004F5 8B4508              <1> 	mov	eax, [ebp + 8]
    21 000004F8 8B5D10              <1> 	mov	ebx, [ebp +16]
    22 000004FB 29C3                <1> 	sub	ebx, eax	; X1 - X0
    23 000004FD 7D09                <1> 	jge	.10F
    24                              <1> 	
    25 000004FF F7DB                <1> 	neg	ebx
    26 00000501 BEFFFFFFFF          <1> 	mov	esi, -1
    27 00000506 EB05                <1> 	jmp	.10E
    28                              <1> .10F:
    29 00000508 BE01000000          <1> 	mov	esi, 1
    30                              <1> .10E:
    31                              <1> 	
    32 0000050D 8B4D0C              <1> 	mov	ecx, [ebp +12]
    33 00000510 8B5514              <1> 	mov	edx, [ebp +20]
    34 00000513 29CA                <1> 	sub	edx, ecx
    35 00000515 7D09                <1> 	jge	.20F
    36                              <1> 
    37 00000517 F7DA                <1> 	neg	edx
    38 00000519 BFFFFFFFFF          <1> 	mov	edi, -1
    39 0000051E EB05                <1> 	jmp	.20E
    40                              <1> .20F:
    41 00000520 BF01000000          <1> 	mov	edi, 1
    42                              <1> .20E:
    43                              <1> 	
    44 00000525 8945F8              <1> 	mov	[ebp - 8], eax	; start.x
    45 00000528 895DF4              <1> 	mov	[ebp -12], ebx	; width
    46 0000052B 8975F0              <1> 	mov	[ebp -16], esi	; inc_x
    47                              <1> 
    48 0000052E 894DEC              <1> 	mov	[ebp -20], ecx	; start.y
    49 00000531 8955E8              <1> 	mov	[ebp -24], edx	; hegiht
    50 00000534 897DE4              <1> 	mov	[ebp -28], edi	; inc_y
    51                              <1> 
    52 00000537 39D3                <1> 	cmp	ebx, edx
    53 00000539 7F08                <1> 	jg	.22F		; determin abs axis
    54                              <1> 
    55 0000053B 8D75EC              <1> 	lea	esi, [ebp -20]
    56 0000053E 8D7DF8              <1> 	lea	edi, [ebp - 8]
    57                              <1> 	
    58 00000541 EB06                <1> 	jmp	.22E
    59                              <1> .22F:
    60 00000543 8D75F8              <1> 	lea	esi, [ebp - 8]
    61 00000546 8D7DEC              <1> 	lea	edi, [ebp -20]
    62                              <1> .22E:
    63                              <1> 	; ESI, EDI is "ADDRESS"
    64                              <1> 
    65 00000549 8B4EFC              <1> 	mov	ecx, [esi - 4]	; Abs axis
    66 0000054C 83F900              <1> 	cmp	ecx, 0
    67 0000054F 7505                <1> 	jnz	.30E
    68 00000551 B901000000          <1> 	mov	ecx, 1		; not have length
    69                              <1> .30E:
    70                              <1> 	
    71                              <1> .50L:
    72                              <1> 	;cdecl	draw_pixel,	dword [ebp - 8], \	; x0
    73                              <1> 	;			dword [ebp -20], \	; y0
    74                              <1> 	;			dword [ebp +24]		; color
    75 00000556 FF7518FF75ECFF75F8- <1>         cdecl draw_pixel, dword [ebp - 8], dword [ebp - 20], dword [ebp + 24]
    75 0000055F E8B9FEFFFF6683C40C  <1>
    76                              <1> 	
    77                              <1> 	; update coordinate
    78 00000568 8B46F8              <1> 	mov	eax, [esi - 8] 	; abs axis -1 or 0 or -1
    79 0000056B 0106                <1> 	add	[esi - 0], eax	; abs coordinate
    80                              <1> 
    81 0000056D 8B45FC              <1> 	mov	eax, [ebp - 4]
    82 00000570 0347FC              <1> 	add	eax, [edi - 4]
    83 00000573 8B5EFC              <1> 	mov	ebx, [esi - 4]
    84                              <1> 
    85 00000576 39D8                <1> 	cmp	eax, ebx
    86 00000578 7C07                <1> 	jl	.52E
    87 0000057A 29D8                <1> 	sub	eax, ebx	; sum -= wid
    88                              <1> 	; sum can only add -1 or 1
    89                              <1> 	; so. not be  "dif * 2 < sum" 
    90                              <1> 
    91 0000057C 8B5FF8              <1> 	mov	ebx, [edi - 8]	; ebx = inc
    92 0000057F 011F                <1> 	add	[edi - 0], ebx
    93                              <1> .52E:
    94 00000581 8945FC              <1> 	mov	[ebp - 4], eax	; sum = eax
    95                              <1> 
    96 00000584 E2D0                <1> 	loop	.50L
    97                              <1> .50E:
    98                              <1> 
    99                              <1> 
   100 00000586 5F                  <1> 	pop	edi
   101 00000587 5E                  <1> 	pop	esi
   102 00000588 5A                  <1> 	pop	edx
   103 00000589 59                  <1> 	pop	ecx
   104 0000058A 5B                  <1> 	pop	ebx
   105 0000058B 58                  <1> 	pop	eax
   106                              <1> 
   107 0000058C 89EC                <1> 	mov	esp, ebp
   108 0000058E 5D                  <1> 	pop	ebp
   109                              <1> 
   110 0000058F C3                  <1> 	ret
   111                              <1> 
   112                              <1> 
    98                                  %include	"../modules/protect/draw_rect.s"
     1                              <1> draw_rect:	; draw_rect(x0,y0,x1,y1,color)
     2 00000590 55                  <1> 	push	ebp
     3 00000591 89E5                <1> 	mov	ebp, esp
     4                              <1> 
     5 00000593 50                  <1> 	push	eax
     6 00000594 53                  <1> 	push	ebx
     7 00000595 51                  <1> 	push	ecx
     8 00000596 52                  <1> 	push	edx
     9 00000597 56                  <1> 	push	esi
    10                              <1> 
    11 00000598 8B4508              <1> 	mov	eax, [ebp + 8]	; x0
    12 0000059B 8B5D0C              <1> 	mov	ebx, [ebp +12]	; y0
    13 0000059E 8B4D10              <1> 	mov	ecx, [ebp +16]	; x1
    14 000005A1 8B5514              <1> 	mov	edx, [ebp +20]	; y1
    15 000005A4 8B7518              <1> 	mov	esi, [ebp +24]	; color
    16                              <1> 
    17                              <1> 	; make "eax(x0) <= ebx(x1)" and
    18                              <1> 	;      "ecx(y0) <= edx(y1)"
    19                              <1> 	
    20 000005A7 39C8                <1> 	cmp	eax, ecx
    21 000005A9 7C01                <1> 	jl	.10E		; OK
    22 000005AB 91                  <1> 	xchg	eax, ecx
    23                              <1> .10E:
    24 000005AC 39D3                <1> 	cmp	ebx, edx
    25 000005AE 7C02                <1> 	jl	.20E		; OK
    26 000005B0 87DA                <1> 	xchg	ebx, edx
    27                              <1> .20E:
    28                              <1> 	; (EAX,EBX) -------- (ECX,EBX)
    29                              <1> 	;     |			 |
    30                              <1> 	;     |			 |
    31                              <1> 	;     |			 |
    32                              <1> 	;     |			 |
    33                              <1> 	; (EAX,EDX) -------- (ECX,EDX)
    34                              <1> 
    35 000005B2 5653515350E822FFFF- <1> 	cdecl	draw_line, eax, ebx, ecx, ebx, esi
    35 000005BB FF6683C414          <1>
    36 000005C0 5652505350E814FFFF- <1> 	cdecl	draw_line, eax, ebx, eax, edx, esi
    36 000005C9 FF6683C414          <1>
    37                              <1> 
    38 000005CE 4A                  <1> 	dec	edx
    39 000005CF 5652515250E805FFFF- <1> 	cdecl	draw_line, eax, edx, ecx, edx, esi
    39 000005D8 FF6683C414          <1>
    40 000005DD 42                  <1> 	inc	edx
    41                              <1> 
    42 000005DE 49                  <1> 	dec	ecx
    43 000005DF 5652515351E8F5FEFF- <1> 	cdecl	draw_line, ecx, ebx, ecx, edx, esi
    43 000005E8 FF6683C414          <1>
    44                              <1> 
    45 000005ED 5E                  <1> 	pop	esi
    46 000005EE 5A                  <1> 	pop	edx
    47 000005EF 59                  <1> 	pop	ecx
    48 000005F0 5B                  <1> 	pop	ebx
    49 000005F1 58                  <1> 	pop	eax
    50                              <1> 
    51 000005F2 89EC                <1> 	mov	esp, ebp
    52 000005F4 5D                  <1> 	pop	ebp
    53                              <1> 
    54 000005F5 C3                  <1> 	ret
    55                              <1> 
    99                                  %include	"../modules/protect/itoa.s"
     1                              <1> itoa:	;itoa(num,buf,size,radix,flag);
     2 000005F6 55                  <1> 	push 	ebp
     3 000005F7 89E5                <1> 	mov	ebp, esp
     4                              <1> 
     5 000005F9 50                  <1> 	push	eax
     6 000005FA 53                  <1> 	push	ebx
     7 000005FB 51                  <1> 	push	ecx
     8 000005FC 52                  <1> 	push	edx
     9 000005FD 56                  <1> 	push	esi
    10 000005FE 57                  <1> 	push	edi
    11                              <1> 
    12                              <1> 
    13                              <1> 	;init
    14 000005FF 0FB75D18            <1> 	movzx	ebx, word [ebp + 24]	; bx = flag
    15 00000603 8B4D10              <1> 	mov	ecx, [ebp + 16]	; cx = size
    16 00000606 8B750C              <1> 	mov	esi, [ebp + 12]	; si = dist
    17                              <1> 
    18 00000609 89F7                <1> 	mov	edi, esi
    19                              <1> 
    20                              <1> 	;cmp	cx,0
    21                              <1> 	;jg	.10A
    22                              <1> 	;jmp	.40A		; no buffer
    23                              <1> 
    24                              <1> .10A:				; start
    25                              <1> 
    26 0000060B B020                <1> 	mov	al,' '
    27 0000060D F7C304000000        <1> 	test	ebx, 0b0100
    28 00000613 7402                <1> 	je	.42E
    29 00000615 B030                <1> 	mov	al,'0'
    30                              <1> .42E:
    31 00000617 FC                  <1> 	cld
    32 00000618 F3AA                <1> 	rep	stosb
    33                              <1> 
    34 0000061A 8B4508              <1> 	mov	eax, [ebp + 8]	; ax = num	
    35 0000061D 8B4D10              <1> 	mov	ecx, [ebp + 16]	; cx = size
    36 00000620 89F7                <1> 	mov	edi, esi
    37 00000622 01CF                <1> 	add	edi, ecx		; di is tail of buffer
    38 00000624 4F                  <1> 	dec	edi
    39                              <1> 
    40 00000625 F7C301000000        <1> 	test	ebx, 0b0001	; tmp flag.is_signed
    41 0000062B 7408                <1> .10Q:	jz	.10E		; if tmp == unsigned 
    42 0000062D 83F800              <1>   	cmp	eax, 0		; check(ax - 0)
    43 00000630 7D03                <1> .12Q:	jge	.12E		; if 0 <= ax goto .12E
    44 00000632 83CB02              <1> 	or	ebx, 0b0010	; flag |= print_sign
    45                              <1> .12E:
    46                              <1> .10E:
    47                              <1> 	
    48                              <1> 
    49 00000635 F7C302000000        <1> 	test	ebx, 0b0010	; if flag.print_size
    50 0000063B 7410                <1> .20Q:	je	.20E		; not print sign
    51 0000063D 83F800              <1> 	cmp 	eax,0		; check(ax - 0)
    52 00000640 7D07                <1> 	jge	.22F		; if 0 <= ax got .22F
    53 00000642 F7D8                <1> 	neg	eax		; ax *= -1
    54 00000644 C6062D              <1> 	mov	[esi], byte '-'
    55 00000647 EB03                <1> 	jmp	.22E
    56 00000649 C6062B              <1> .22F:	mov	[esi], byte '+'
    57 0000064C 49                  <1> .22E:	dec	ecx		; finaly
    58                              <1> .20E:
    59                              <1> 
    60 0000064D 8B5D14              <1> 	mov	ebx,[ebp + 20]	; bx = radix
    61                              <1> .30L:
    62                              <1> 	
    63 00000650 BA00000000          <1> 	mov	edx, 0
    64 00000655 F7F3                <1> 	div	ebx		; DX = AX % radix
    65                              <1> 				; AX = AX / radix
    66                              <1> 
    67 00000657 89D6                <1> 	mov	esi, edx
    68 00000659 8A96[71060000]      <1> 	mov	dl, byte [.ascii + esi]	; DL = ASCII[DX]
    69                              <1> 
    70 0000065F 8817                <1> 	mov	[edi],dl		; start writing in tail of buffer
    71 00000661 4F                  <1> 	dec	edi
    72                              <1> 
    73 00000662 83F800              <1> 	cmp	eax,0
    74 00000665 E0E9                <1> 	loopnz	.30L
    75                              <1> 
    76                              <1> .40A:
    77                              <1> 
    78 00000667 5F                  <1> 	pop	edi
    79 00000668 5E                  <1> 	pop	esi
    80 00000669 5A                  <1> 	pop	edx
    81 0000066A 59                  <1> 	pop	ecx
    82 0000066B 5B                  <1> 	pop	ebx
    83 0000066C 58                  <1> 	pop	eax
    84                              <1> 
    85 0000066D 89EC                <1> 	mov	esp, ebp
    86 0000066F 5D                  <1> 	pop	ebp
    87                              <1> 
    88 00000670 C3                  <1> 	ret
    89                              <1> 
    90 00000671 303132333435363738- <1> .ascii	db	"0123456789ABCDEF"
    90 0000067A 39414243444546      <1>
    91                              <1> 
    92                              <1> 	
    93                              <1> 	
    94                              <1> 	
   100                                  %include	"../modules/protect/draw_time.s"
     1                              <1> draw_time:	; draw_time(col, row, color, time)
     2 00000681 55                  <1> 	push	ebp
     3 00000682 89E5                <1> 	mov	ebp, esp
     4                              <1> 
     5 00000684 50                  <1> 	push	eax
     6 00000685 53                  <1> 	push	ebx
     7                              <1> 
     8 00000686 8B4514              <1> 	mov	eax, [ebp +20]	; time
     9 00000689 0FB6D8              <1> 	movzx	ebx, al		; seconds
    10 0000068C 6A046A106A0268-     <1> 	cdecl	itoa, ebx, .sec, 2, 16, 0b0100
    10 00000693 [F3060000]53E859FF- <1>
    10 0000069B FFFF6683C414        <1>
    11                              <1> 
    12 000006A1 88E3                <1> 	mov	bl, ah
    13 000006A3 6A046A106A0268-     <1> 	cdecl	itoa, ebx, .min, 2, 16, 0b0100
    13 000006AA [F0060000]53E842FF- <1>
    13 000006B2 FFFF6683C414        <1>
    14                              <1> 	; buffer size is 2. so ignore bh
    15                              <1> 
    16 000006B8 C1E810              <1> 	shr	eax, 16
    17 000006BB 6A046A106A0268-     <1> 	cdecl	itoa, eax, .hour, 2, 16, 0b0100
    17 000006C2 [ED060000]50E82AFF- <1>
    17 000006CA FFFF6683C414        <1>
    18                              <1> 
    19 000006D0 68[ED060000]FF7510- <1> 	cdecl	draw_str, dword[ebp + 8], dword[ebp +12], dword[ebp +16], .hour
    19 000006D8 FF750CFF7508E877FC- <1>
    19 000006E1 FFFF6683C410        <1>
    20                              <1> 
    21 000006E7 5B                  <1> 	pop	ebx
    22 000006E8 58                  <1> 	pop	eax
    23                              <1> 
    24 000006E9 89EC                <1> 	mov	esp, ebp
    25 000006EB 5D                  <1> 	pop	ebp
    26                              <1> 
    27 000006EC C3                  <1> 	ret
    28                              <1> 
    29                              <1> 
    30 000006ED 5A5A3A              <1> .hour:	db	"ZZ:"
    31 000006F0 5A5A3A              <1> .min:	db	"ZZ:"
    32 000006F3 5A5A00              <1> .sec:	db	"ZZ", 0
   101                                  %include	"../modules/protect/rtc.s"
     1                              <1> rtc_get_time:
     2 000006F6 55                  <1> 	push	ebp
     3 000006F7 89E5                <1> 	mov	ebp, esp
     4                              <1> 
     5 000006F9 53                  <1> 	push	ebx
     6                              <1> 
     7 000006FA B00A                <1> 	mov	al, 0x0A
     8 000006FC E670                <1> 	out	0x70, al
     9 000006FE E471                <1> 	in	al, 0x71
    10                              <1> 
    11 00000700 A880                <1> 	test	al, 0x80
    12 00000702 7407                <1> 	je	.10F
    13 00000704 B801000000          <1> 	mov	eax, 1		; data updating. error
    14 00000709 EB27                <1> 	jmp	.10E
    15                              <1> .10F:
    16 0000070B B004                <1> 	mov	al, 0x04	; Hour
    17 0000070D E670                <1> 	out	0x70, al
    18 0000070F E471                <1> 	in	al, 0x71
    19                              <1> 	
    20 00000711 C1E008              <1> 	shl	eax, 8
    21                              <1> 
    22 00000714 B002                <1> 	mov	al, 0x02
    23 00000716 E670                <1> 	out	0x70, al
    24 00000718 E471                <1> 	in	al, 0x71
    25                              <1> 
    26 0000071A C1E008              <1> 	shl	eax, 8
    27                              <1> 	
    28 0000071D B000                <1> 	mov	al, 0x00
    29 0000071F E670                <1> 	out	0x70, al
    30 00000721 E471                <1> 	in	al, 0x71
    31                              <1> 
    32 00000723 25FFFFFF00          <1> 	and	eax, 0x00FFFFFF
    33                              <1> 
    34                              <1> 	; EAX             AX,AH   AL
    35                              <1> 	; ----====----====----====----====
    36                              <1> 	; 00000000[ HOUR ][  MIN ][  SEC ]
    37                              <1> 
    38 00000728 8B5D08              <1> 	mov	ebx, [ebp + 8]
    39 0000072B 8903                <1> 	mov	[ebx], eax
    40                              <1> 
    41 0000072D B800000000          <1> 	mov	eax, 0
    42                              <1> .10E:
    43                              <1> 
    44 00000732 5B                  <1> 	pop	ebx
    45                              <1> 
    46 00000733 89EC                <1> 	mov	esp, ebp
    47 00000735 5D                  <1> 	pop	ebp
    48                              <1> 
    49 00000736 C3                  <1> 	ret
    50                              <1> 
    51                              <1> 
   102                                  %include	"../modules/protect/int_rtc.s"
     1                              <1> int_rtc:
     2 00000737 60                  <1> 	pusha		; all registers in stack
     3 00000738 1E                  <1> 	push	ds
     4 00000739 06                  <1> 	push	es
     5                              <1> 
     6                              <1> 	; select second segment
     7 0000073A 66B81000            <1> 	mov	ax, 0x0010	; 8 * 2
     8 0000073E 8ED8                <1> 	mov	ds, ax
     9 00000740 8EC0                <1> 	mov	es, ax
    10                              <1> 
    11 00000742 68[A4010000]E8AAFF- <1> 	cdecl	rtc_get_time, RTC_TIME
    11 0000074A FFFF6683C404        <1>
    12                              <1> 
    13                              <1> 	outp	0x70, 0x0C
    13 00000750 B00C                <2>  mov al, %2
    13 00000752 E670                <2>  out %1, al
    14 00000754 E471                <1> 	in	al, 0x71
    15                              <1> 
    16 00000756 B020                <1> 	mov	al, 0x20	; End of interrupt command
    17 00000758 E620                <1> 	out	0x20, al
    18 0000075A E6A0                <1> 	out	0xA0, al
    19                              <1> 
    20 0000075C 07                  <1> 	pop	es
    21 0000075D 1F                  <1> 	pop	ds
    22 0000075E 61                  <1> 	popa
    23                              <1> 
    24 0000075F CF                  <1> 	iret
    25                              <1> 
    26                              <1> rtc_int_en:
    27 00000760 55                  <1> 	push	ebp
    28 00000761 89E5                <1> 	mov	ebp, esp
    29                              <1> 
    30 00000763 50                  <1> 	push	eax
    31                              <1> 
    32                              <1> 	outp	0x70, 0x0B
    32 00000764 B00B                <2>  mov al, %2
    32 00000766 E670                <2>  out %1, al
    33                              <1> 
    34 00000768 E471                <1> 	in	al, 0x71
    35 0000076A 0A4508              <1> 	or	al, [ebp + 8]
    36                              <1> 
    37 0000076D E671                <1> 	out	0x71, al
    38                              <1> 
    39 0000076F 58                  <1> 	pop	eax
    40                              <1> 
    41 00000770 89EC                <1> 	mov	esp, ebp
    42 00000772 5D                  <1> 	pop	ebp
    43                              <1> 
    44 00000773 C3                  <1> 	ret
    45                              <1> 
   103                                  %include	"../modules/protect/pic.s"
     1                              <1> init_pic:	; () -> ()
     2                              <1> ; see p298
     3                              <1> ; ICW -- Initializion command words
     4 00000774 50                  <1> 	push	eax
     5                              <1> 
     6                              <1> 	outp	0x20, 0x11	; ICW1, ICW4 enable
     6 00000775 B011                <2>  mov al, %2
     6 00000777 E620                <2>  out %1, al
     7                              <1> 	outp	0x21, 0x20	; ICW2, base address is 0x20
     7 00000779 B020                <2>  mov al, %2
     7 0000077B E621                <2>  out %1, al
     8                              <1> 	outp	0x21, 0x04	; ICW3, slave position, 0b0000_0100. on third
     8 0000077D B004                <2>  mov al, %2
     8 0000077F E621                <2>  out %1, al
     9                              <1> 	outp	0x21, 0x05	; ICW4, ???
     9 00000781 B005                <2>  mov al, %2
     9 00000783 E621                <2>  out %1, al
    10                              <1> 	outp	0x21, 0xFF	; mask
    10 00000785 B0FF                <2>  mov al, %2
    10 00000787 E621                <2>  out %1, al
    11                              <1> 
    12                              <1> 	outp	0xA0, 0x11	; ICW1, ICW4 enable
    12 00000789 B011                <2>  mov al, %2
    12 0000078B E6A0                <2>  out %1, al
    13                              <1> 	outp	0xA1, 0x28	; ICW2, base address is 0x28(0x20 + 8(master))
    13 0000078D B028                <2>  mov al, %2
    13 0000078F E6A1                <2>  out %1, al
    14                              <1> 	outp	0xA1, 0x02	; slave ID is 0x02
    14 00000791 B002                <2>  mov al, %2
    14 00000793 E6A1                <2>  out %1, al
    15                              <1> 	outp	0xA1, 0x01	; normal end of interrupt
    15 00000795 B001                <2>  mov al, %2
    15 00000797 E6A1                <2>  out %1, al
    16                              <1> 	outp	0xA1, 0xFF	; mask
    16 00000799 B0FF                <2>  mov al, %2
    16 0000079B E6A1                <2>  out %1, al
    17                              <1> 
    18 0000079D 58                  <1> 	pop	eax
    19                              <1> 
    20 0000079E C3                  <1> 	ret
   104                                  %include	"../modules/protect/interrupt.s"
     1                              <1> int_stop:
     2 0000079F FB                  <1> 	sti
     3                              <1> 
     4 000007A0 50680F0600006A0F6A- <1> 	cdecl	draw_str, 25, 15, 0x060F, eax
     4 000007A9 19E8ABFBFFFF6683C4- <1>
     4 000007B2 10                  <1>
     5                              <1> 
     6 000007B3 8B0424              <1> 	mov	eax, [esp + 0]
     7 000007B6 6A046A106A0868-     <1> 	cdecl	itoa, eax, .p1, 8, 16, 0b0100
     7 000007BD [7B080000]50E82FFE- <1>
     7 000007C5 FFFF6683C414        <1>
     8                              <1> 	
     9 000007CB 8B442404            <1> 	mov	eax, [esp + 4]
    10 000007CF 6A046A106A0868-     <1> 	cdecl	itoa, eax, .p2, 8, 16, 0b0100
    10 000007D6 [8C080000]50E816FE- <1>
    10 000007DE FFFF6683C414        <1>
    11                              <1> 	
    12 000007E4 8B442408            <1> 	mov	eax, [esp + 8]
    13 000007E8 6A046A106A0868-     <1> 	cdecl	itoa, eax, .p3, 8, 16, 0b0100
    13 000007EF [9D080000]50E8FDFD- <1>
    13 000007F7 FFFF6683C414        <1>
    14                              <1> 	
    15 000007FD 8B44240C            <1> 	mov	eax, [esp +12]
    16 00000801 6A046A106A0868-     <1> 	cdecl	itoa, eax, .p4, 8, 16, 0b0100
    16 00000808 [AE080000]50E8E4FD- <1>
    16 00000810 FFFF6683C414        <1>
    17                              <1> 
    18 00000816 68[74080000]68040F- <1> 	cdecl	draw_str, 25, 16, 0x0F04, .s1
    18 0000081E 00006A106A19E831FB- <1>
    18 00000827 FFFF6683C410        <1>
    19 0000082D 68[85080000]68040F- <1> 	cdecl	draw_str, 25, 17, 0x0F04, .s2
    19 00000835 00006A116A19E81AFB- <1>
    19 0000083E FFFF6683C410        <1>
    20 00000844 68[96080000]68040F- <1> 	cdecl	draw_str, 25, 18, 0x0F04, .s3
    20 0000084C 00006A126A19E803FB- <1>
    20 00000855 FFFF6683C410        <1>
    21 0000085B 68[A7080000]68040F- <1> 	cdecl	draw_str, 25, 19, 0x0F04, .s4
    21 00000863 00006A136A19E8ECFA- <1>
    21 0000086C FFFF6683C410        <1>
    22                              <1> 
    23 00000872 EBFE                <1> 	jmp	$
    24                              <1> 
    25 00000874 4553502B20303A      <1> .s1:	db	"ESP+ 0:"
    26 0000087B 2D2D2D2D2D2D2D2D20- <1> .p1:	db	"-------- ", 0
    26 00000884 00                  <1>
    27 00000885 2020202B20343A      <1> .s2:	db	"   + 4:"
    28 0000088C 2D2D2D2D2D2D2D2D20- <1> .p2:	db	"-------- ", 0
    28 00000895 00                  <1>
    29 00000896 2020202B20383A      <1> .s3:	db	"   + 8:"
    30 0000089D 2D2D2D2D2D2D2D2D20- <1> .p3:	db	"-------- ", 0
    30 000008A6 00                  <1>
    31 000008A7 2020202B31323A      <1> .s4:	db	"   +12:"
    32 000008AE 2D2D2D2D2D2D2D2D20- <1> .p4:	db	"-------- ", 0
    32 000008B7 00                  <1>
    33                              <1> 	
    34                              <1> 
    35                              <1> int_default:
    36 000008B8 9C                  <1> 	pushf
    37 000008B9 0E                  <1> 	push	cs
    38 000008BA 68[9F070000]        <1> 	push	int_stop
    39                              <1> 
    40 000008BF B8[C5080000]        <1> 	mov	eax, .s0
    41 000008C4 CF                  <1> 	iret
    42                              <1> 
    43 000008C5 203C2020202053544F- <1> .s0:	db	" <    STOP    > ", 0
    43 000008CE 50202020203E2000    <1>
    44                              <1> 
    45                              <1> init_int:
    46 000008D6 55                  <1> 	push	ebp
    47 000008D7 89E5                <1> 	mov	ebp, esp
    48                              <1> 
    49 000008D9 50                  <1> 	push	eax
    50 000008DA 53                  <1> 	push	ebx
    51 000008DB 51                  <1> 	push	ecx
    52 000008DC 57                  <1> 	push	edi
    53                              <1> 
    54 000008DD 8D05[B8080000]      <1> 	lea	eax, [int_default]
    55 000008E3 BB008E0800          <1> 	mov	ebx, 0x0008_8E00
    56 000008E8 6693                <1> 	xchg	ax, bx
    57                              <1> 
    58                              <1> 	; eax -> int_default[32:16]::8E00
    59                              <1> 	; ebx -> 0x0008		   ::int_default[15:0]
    60                              <1> 	; [eax:ebx] is interrupt disc
    61                              <1> 
    62                              <1> 
    63                              <1> 
    64 000008EA B900010000          <1> 	mov	ecx, 256
    65 000008EF BF00001000          <1> 	mov	edi, VECT_BASE
    66                              <1> .10L:
    67 000008F4 891F                <1> 	mov	[edi + 0], ebx	; bottom
    68 000008F6 894704              <1> 	mov	[edi + 4], eax	; top
    69 000008F9 83C708              <1> 	add	edi, 8
    70 000008FC E2F6                <1> 	loop	.10L
    71                              <1> 
    72 000008FE 0F011D[00000000]    <1> 	lidt	[IDTR]
    73                              <1> 
    74 00000905 5F                  <1> 	pop	edi
    75 00000906 59                  <1> 	pop	ecx
    76 00000907 5B                  <1> 	pop	ebx
    77 00000908 58                  <1> 	pop	eax
    78                              <1> 
    79 00000909 89EC                <1> 	mov	esp, ebp
    80 0000090B 5D                  <1> 	pop	ebp
    81                              <1> 
    82 0000090C C3                  <1> 	ret
    83                              <1> 
    84                              <1> int_zero_div:
    85 0000090D 9C                  <1> 	pushf
    86 0000090E 0E                  <1> 	push	cs
    87 0000090F 68[9F070000]        <1> 	push	int_stop
    88                              <1> 
    89 00000914 B8[1A090000]        <1> 	mov	eax, .s0
    90 00000919 CF                  <1> 	iret
    91                              <1> 
    92                              <1> 
    93 0000091A 203C20205A45524F5F- <1> .s0:	db	" <  ZERO_DIV  > ", 0
    93 00000923 44495620203E2000    <1>
   105                                  %include	"../modules/protect/int_keyboard.s"
     1                              <1> int_keyboard:
     2 0000092B 60                  <1> 	pusha
     3 0000092C 1E                  <1> 	push	ds
     4 0000092D 06                  <1> 	push	es
     5                              <1> 
     6 0000092E 66B81000            <1> 	mov	ax, 0x0010	; SEL_DATA. see 468p
     7 00000932 8ED8                <1> 	mov	ds, ax
     8 00000934 8EC0                <1> 	mov	es, ax
     9                              <1> 
    10 00000936 E460                <1> 	in	al, 0x60
    11                              <1> 	; see 291p
    12                              <1> 	; when interrupted, data can be read
    13                              <1> 
    14 00000938 5068[50090000]E855- <1> 	cdecl	ring_wr, _KEY_BUFF, eax
    14 00000940 0000006683C408      <1>
    15                              <1> 	
    16                              <1> 	outp	0x20, 0x20
    16 00000947 B020                <2>  mov al, %2
    16 00000949 E620                <2>  out %1, al
    17                              <1> 	; end of interrupt command to master only
    18                              <1> 
    19 0000094B 07                  <1> 	pop	es
    20 0000094C 1F                  <1> 	pop	ds
    21 0000094D 61                  <1> 	popa
    22                              <1> 
    23 0000094E CF                  <1> 	iret
    24                              <1> 
    25 0000094F 00                  <1> ALIGN	4,	db	0
    26 00000950 00<rept>            <1> _KEY_BUFF:	times	ring_buff_size	db	0
    27                              <1> ; ring buff
    28                              <1> ; ring_buff_size is struct "ring_buff"'s size created by nasm
    29                              <1> 
    30                              <1> 	
   106                                  ;%include	"../../../../testOS/src/modules/protect/int_keyboard.s"
   107                                  %include	"../modules/protect/ring_buff.s"
     1                              <1> ring_rd:	; ring_rd(ring_address, dest_address)
     2                              <1> 		; return eax
     3 00000968 55                  <1> 	push	ebp
     4 00000969 89E5                <1> 	mov	ebp, esp
     5                              <1> 
     6 0000096B 56                  <1> 	push	esi
     7 0000096C 57                  <1> 	push	edi
     8 0000096D 53                  <1> 	push	ebx
     9                              <1> 
    10 0000096E 8B7508              <1> 	mov	esi, [ebp + 8]
    11 00000971 8B7D0C              <1> 	mov	edi, [ebp +12]
    12                              <1> 
    13 00000974 B800000000          <1> 	mov	eax, 0
    14 00000979 8B1E                <1> 	mov	ebx, [esi + ring_buff.rp]
    15 0000097B 3B5E04              <1> 	cmp	ebx, [esi + ring_buff.wp]
    16 0000097E 7411                <1> 	je	.10E					; no data. eax = 0
    17                              <1> 
    18 00000980 8A441E08            <1> 	mov	al, [esi + ring_buff.item + ebx]	; read point
    19                              <1> 	
    20 00000984 8807                <1> 	mov	[edi], al
    21                              <1> 	
    22 00000986 43                  <1> 	inc	ebx
    23 00000987 83E30F              <1> 	and	ebx, RING_INDEX_MASK			; % 8
    24 0000098A 891E                <1> 	mov	[esi + ring_buff.rp], ebx
    25                              <1> 
    26 0000098C B801000000          <1> 	mov	eax, 1					; read something
    27                              <1> 
    28                              <1> .10E:
    29 00000991 5B                  <1> 	pop	ebx
    30 00000992 5F                  <1> 	pop	edi
    31 00000993 5E                  <1> 	pop	esi
    32                              <1> 
    33 00000994 89EC                <1> 	mov	esp, ebp
    34 00000996 5D                  <1> 	pop	ebp
    35                              <1> 
    36 00000997 C3                  <1> 	ret
    37                              <1> 
    38                              <1> ring_wr:	; ring_wr(ring_address, src) src is not address. 
    39 00000998 55                  <1> 	push	ebp
    40 00000999 89E5                <1> 	mov	ebp, esp
    41                              <1> 
    42 0000099B 56                  <1> 	push	esi
    43 0000099C 53                  <1> 	push	ebx
    44 0000099D 51                  <1> 	push	ecx
    45                              <1> 
    46 0000099E 8B7508              <1> 	mov	esi, [ebp + 8]
    47                              <1> 
    48 000009A1 8B5E04              <1> 	mov	ebx, [esi + ring_buff.wp]
    49 000009A4 89D9                <1> 	mov	ecx, ebx
    50 000009A6 41                  <1> 	inc	ecx
    51 000009A7 83E10F              <1> 	and	ecx, RING_INDEX_MASK
    52                              <1> 	; ebx is write point
    53                              <1> 	; ecx is next point
    54                              <1> 
    55 000009AA 3B0E                <1> 	cmp	ecx, [esi + ring_buff.rp]
    56 000009AC 740F                <1> 	je	.10E
    57                              <1> 
    58                              <1> 	; can write
    59 000009AE 8A450C              <1> 	mov	al, [ebp +12]
    60 000009B1 88441E08            <1> 	mov	[esi + ring_buff.item + ebx], al	; ebx is index
    61 000009B5 894E04              <1> 	mov	[esi + ring_buff.wp], ecx		; next point
    62                              <1> 
    63 000009B8 B801000000          <1> 	mov	eax, 1					; OK
    64                              <1> .10E:
    65 000009BD 59                  <1> 	pop	ecx
    66 000009BE 5B                  <1> 	pop	ebx
    67 000009BF 5E                  <1> 	pop	esi
    68                              <1> 
    69 000009C0 89EC                <1> 	mov	esp, ebp
    70 000009C2 5D                  <1> 	pop	ebp
    71                              <1> 
    72 000009C3 C3                  <1> 	ret
    73                              <1> 	
    74                              <1> 
    75                              <1> draw_key:	
    76 000009C4 55                  <1> 	push	ebp
    77 000009C5 89E5                <1> 	mov	ebp, esp
    78                              <1> 
    79 000009C7 60                  <1> 	pusha
    80                              <1> 	; easy
    81                              <1> 
    82 000009C8 8B5508              <1> 	mov	edx, [ebp + 8]	; x offset
    83 000009CB 8B7D0C              <1> 	mov	edi, [ebp +12]	; y offset
    84 000009CE 8B7510              <1> 	mov	esi, [ebp +16]	; ring buff address
    85                              <1> 
    86 000009D1 8B5E04              <1> 	mov	ebx, [esi + ring_buff.wp]	; seeing point
    87 000009D4 8D7608              <1> 	lea	esi, [esi + ring_buff.item]	; item start address
    88 000009D7 B910000000          <1> 	mov	ecx, RING_ITEM_SIZE
    89                              <1> .10L:
    90 000009DC 4B                  <1> 	dec	ebx
    91                              <1> 	; 3 -> 2, 0 -> FF
    92 000009DD 83E30F              <1> 	and	ebx, RING_INDEX_MASK
    93 000009E0 8A041E              <1> 	mov	al, [esi + ebx]
    94                              <1> 
    95 000009E3 6A046A106A0268-     <1> 	cdecl	itoa, eax, .tmp, 2, 0x10, 0b0100
    95 000009EA [140A0000]50E802FC- <1>
    95 000009F2 FFFF6683C414        <1>
    96 000009F8 68[140A0000]6A0257- <1> 	cdecl	draw_str, edx, edi, 0x02, .tmp
    96 00000A00 52E854F9FFFF6683C4- <1>
    96 00000A09 10                  <1>
    97                              <1> 
    98 00000A0A 83C203              <1> 	add	edx, 3
    99                              <1> 	; string is 2, so space is 1
   100                              <1> 
   101 00000A0D E2CD                <1> 	loop	.10L
   102                              <1> 
   103 00000A0F 61                  <1> 	popa
   104                              <1> 
   105 00000A10 89EC                <1> 	mov	esp, ebp
   106 00000A12 5D                  <1> 	pop	ebp
   107                              <1> 
   108 00000A13 C3                  <1> 	ret
   109                              <1> 
   110 00000A14 2D2D00              <1> .tmp:	db	"--",0
   108                                  %include	"../modules/protect/int_timer.s"
     1                              <1> int_timer:
     2 00000A17 60                  <1> 	pushad
     3 00000A18 06                  <1> 	push	es
     4 00000A19 1E                  <1> 	push	ds
     5                              <1> 
     6 00000A1A 66B81000            <1> 	mov	ax, 0x10
     7 00000A1E 8ED8                <1> 	mov	ds, ax
     8 00000A20 8EC0                <1> 	mov	es, ax
     9                              <1> 
    10 00000A22 FF05[300A0000]      <1> 	inc	dword[TIMER_COUNT]
    11                              <1> 
    12                              <1> 	outp	0x20, 0x20
    12 00000A28 B020                <2>  mov al, %2
    12 00000A2A E620                <2>  out %1, al
    13                              <1> 
    14 00000A2C 1F                  <1> 	pop	ds
    15 00000A2D 07                  <1> 	pop	es
    16 00000A2E 61                  <1> 	popad
    17                              <1> 
    18 00000A2F CF                  <1> 	iret
    19                              <1> 
    20                              <1> ALIGN	4,	db	0
    21 00000A30 0000000000000000    <1> TIMER_COUNT:	dq	0
    22                              <1> 
    23                              <1> 
    24                              <1> int_en_timer:
    25 00000A38 55                  <1> 	push	ebp
    26 00000A39 89E5                <1> 	mov	ebp, esp
    27                              <1> 	
    28 00000A3B 50                  <1> 	push	eax
    29                              <1> 
    30                              <1> 	outp	0x43, 0b00_11_010_0
    30 00000A3C B034                <2>  mov al, %2
    30 00000A3E E643                <2>  out %1, al
    31                              <1> 	; counter 0
    32                              <1> 	; access mode, bottom -> top
    33                              <1> 	; mode, 2
    34                              <1> 	; bcd
    35                              <1> 
    36                              <1> 	outp	0x40, 0x9C
    36 00000A40 B09C                <2>  mov al, %2
    36 00000A42 E640                <2>  out %1, al
    37                              <1> 	outp	0x40, 0x2E
    37 00000A44 B02E                <2>  mov al, %2
    37 00000A46 E640                <2>  out %1, al
    38                              <1> 	; 2E9C(16) = 11932(10) = (1193182 / 100)
    39                              <1> 
    40 00000A48 58                  <1> 	pop	eax
    41                              <1> 
    42 00000A49 89EC                <1> 	mov 	esp, ebp
    43 00000A4B 5D                  <1> 	pop	ebp
    44                              <1> 
    45 00000A4C C3                  <1> 	ret
    46                              <1> 
    47                              <1> 
   109                                  %include	"../modules/protect/draw_rotation_bar.s"
     1                              <1> draw_rotation_bar:
     2 00000A4D 55                  <1> 	push	ebp
     3 00000A4E 89E5                <1> 	mov	ebp, esp
     4                              <1> 	
     5 00000A50 50                  <1> 	push	eax
     6                              <1> 
     7 00000A51 A1[300A0000]        <1> 	mov	eax, [TIMER_COUNT]
     8 00000A56 C1E808              <1> 	shr	eax, 8
     9 00000A59 3B05[840A0000]      <1> 	cmp	eax, [.index]	; per 10ms * 16
    10 00000A5F 741E                <1> 	je	.10E
    11                              <1> 
    12 00000A61 A3[840A0000]        <1> 	mov	[.index], eax
    13 00000A66 83E003              <1> 	and	eax, 0x03
    14                              <1> 
    15 00000A69 8A80[880A0000]      <1> 	mov	al, [.table + eax]
    16 00000A6F 506A0F6A1D6A00E8E0- <1> 	cdecl	draw_char, 0, 29, 0x000F, eax
    16 00000A78 F7FFFF6683C410      <1>
    17                              <1> .10E:
    18 00000A7F 58                  <1> 	pop	eax
    19                              <1> 
    20 00000A80 89EC                <1> 	mov	esp, ebp
    21 00000A82 5D                  <1> 	pop	ebp
    22                              <1> 
    23 00000A83 C3                  <1> 	ret
    24                              <1> 
    25                              <1> ALIGN	4,	db	0
    26 00000A84 00000000            <1> .index:		dd	0
    27 00000A88 7C2F2D5C            <1> .table:		dd	"|/-\"
   110                                  %include	"descriptor.s"
     1                              <1> ; setting of task0 
     2 00000A8C 0000000000000000    <1> LDT:		dq	0x0000_0000_0000_0000
     3 00000A94 FFFF0000009ACF00    <1> .cs_task_0:	dq	0x00CF_9A00_0000_FFFF
     4 00000A9C FFFF00000092CF00    <1> .ds_task_0:	dq	0x00CF_9200_0000_FFFF
     5 00000AA4 FFFF0000009ACF00    <1> .cs_task_1:	dq	0x00CF_9A00_0000_FFFF
     6 00000AAC FFFF00000092CF00    <1> .ds_task_1:	dq	0x00CF_9200_0000_FFFF
     7                              <1> .end:
     8                              <1> 
     9                              <1> ; ldt indexes
    10                              <1> CS_TASK_0:	equ	(.cs_task_0 - LDT) | 4	; offset | (use LDT bit)
    11                              <1> DS_TASK_0:	equ	(.ds_task_0 - LDT) | 4
    12                              <1> CS_TASK_1:	equ	(.cs_task_1 - LDT) | 4	; offset | (use LDT bit)
    13                              <1> DS_TASK_1:	equ	(.ds_task_1 - LDT) | 4
    14                              <1> 
    15                              <1> LDT_LIMIT	equ	.end - LDT - 1
    16                              <1> 
    17                              <1> 
    18 00000AB4 0000000000000000    <1> GDT:		dq	0x0000_0000_0000_0000
    19 00000ABC FFFF0000009ACF00    <1> .cs_kernel:	dq	0x00CF_9A00_0000_FFFF
    20 00000AC4 FFFF00000092CF00    <1> .ds_kernel:	dq	0x00CF_9200_0000_FFFF
    21 00000ACC 0000000000820000    <1> .ldt		dq	0x0000_8200_0000_0000	; uninitialized
    22 00000AD4 6700000000890000    <1> .tss_0:		dq	0x0000_8900_0000_0067	; uninitialized(but flags are initialized)
    23 00000ADC 6700000000890000    <1> .tss_1:		dq	0x0000_8900_0000_0067	; uninitialized(buf flags are initialized)
    24                              <1> .end:
    25                              <1> 
    26                              <1> ; gdt indexes
    27                              <1> CS_KERNEL	equ	.cs_kernel - GDT
    28                              <1> DS_KERNEL	equ	.ds_kernel - GDT
    29                              <1> SS_LDT		equ	.ldt - GDT
    30                              <1> SS_TASK_0	equ	.tss_0 - GDT
    31                              <1> SS_TASK_1	equ	.tss_1 - GDT
    32                              <1> 
    33 00000AE4 2F00                <1> GDTR:		dw	GDT.end - GDT - 1
    34 00000AE6 [B40A0000]          <1> 		dd	GDT
    35                              <1> 
    36                              <1> TSS_0:
    37 00000AEA 00000000            <1> .link:   dd 0
    38 00000AEE 00321000            <1> .esp0:   dd SP_TASK_0 - STACK_SIZE / 2
    39 00000AF2 10000000            <1> .ss0:    dd DS_KERNEL
    40 00000AF6 00000000            <1> .esp1:   dd 0
    41 00000AFA 00000000            <1> .ss1:    dd 0
    42 00000AFE 00000000            <1> .esp2:   dd 0
    43 00000B02 00000000            <1> .ss2:    dd 0
    44 00000B06 00000000            <1> .cr3:    dd 0
    45 00000B0A 00000000            <1> .eip:    dd 0
    46 00000B0E 00000000            <1> .eflags: dd 0
    47 00000B12 00000000            <1> .eax:    dd 0
    48 00000B16 00000000            <1> .ecx:    dd 0
    49 00000B1A 00000000            <1> .edx:    dd 0
    50 00000B1E 00000000            <1> .ebx:    dd 0
    51 00000B22 00000000            <1> .esp:    dd 0
    52 00000B26 00000000            <1> .ebp:    dd 0
    53 00000B2A 00000000            <1> .esi:    dd 0
    54 00000B2E 00000000            <1> .edi:    dd 0
    55 00000B32 00000000            <1> .es:     dd 0
    56 00000B36 00000000            <1> .cs:     dd 0
    57 00000B3A 00000000            <1> .ss:     dd 0
    58 00000B3E 00000000            <1> .ds:     dd 0
    59 00000B42 00000000            <1> .fs:     dd 0
    60 00000B46 00000000            <1> .gs:     dd 0
    61 00000B4A 00000000            <1> .ldt:    dd 0
    62 00000B4E 00000000            <1> .io:     dd 0
    63                              <1> 
    64                              <1> TSS_1:
    65 00000B52 00000000            <1> .link:   dd 0
    66 00000B56 00361000            <1> .esp0:   dd SP_TASK_1 - STACK_SIZE / 2
    67 00000B5A 10000000            <1> .ss0:    dd DS_KERNEL
    68 00000B5E 00000000            <1> .esp1:   dd 0
    69 00000B62 00000000            <1> .ss1:    dd 0
    70 00000B66 00000000            <1> .esp2:   dd 0
    71 00000B6A 00000000            <1> .ss2:    dd 0
    72 00000B6E 00000000            <1> .cr3:    dd 0
    73 00000B72 [BA0B0000]          <1> .eip:    dd task_1
    74 00000B76 02020000            <1> .eflags: dd 0x0202
    75 00000B7A 00000000            <1> .eax:    dd 0
    76 00000B7E 00000000            <1> .ecx:    dd 0
    77 00000B82 00000000            <1> .edx:    dd 0
    78 00000B86 00000000            <1> .ebx:    dd 0
    79 00000B8A 00381000            <1> .esp:    dd SP_TASK_1
    80 00000B8E 00000000            <1> .ebp:    dd 0
    81 00000B92 00000000            <1> .esi:    dd 0
    82 00000B96 00000000            <1> .edi:    dd 0
    83 00000B9A 24000000            <1> .es:     dd DS_TASK_1
    84 00000B9E 1C000000            <1> .cs:     dd CS_TASK_1
    85 00000BA2 24000000            <1> .ss:     dd DS_TASK_1
    86 00000BA6 24000000            <1> .ds:     dd DS_TASK_1
    87 00000BAA 24000000            <1> .fs:     dd DS_TASK_1
    88 00000BAE 24000000            <1> .gs:     dd DS_TASK_1
    89 00000BB2 18000000            <1> .ldt:    dd SS_LDT
    90 00000BB6 00000000            <1> .io:     dd 0
    91                              <1> 
   111                                  %include	"task/task_1.s"
     1                              <1> task_1:
     2 00000BBA 68[EF0B0000]6A076A- <1> 	cdecl	draw_str, 63, 0, 0x07, .s0
     2 00000BC2 006A3FE890F7FFFF66- <1>
     2 00000BCB 83C410              <1>
     3                              <1> 
     4                              <1> .10L:
     5                              <1> 	
     6 00000BCE A1[A4010000]        <1> 	mov	eax, [RTC_TIME]
     7 00000BD3 5068000700006A006A- <1> 	cdecl	draw_time, 72, 0, 0x0700, eax
     7 00000BDC 48E89FFAFFFF6683C4- <1>
     7 00000BE5 10                  <1>
     8                              <1> 
     9 00000BE6 EA000000002000      <1> 	jmp	SS_TASK_0:0	
    10                              <1> 
    11 00000BED EBDF                <1> 	jmp	.10L
    12                              <1> 
    13                              <1> 
    14                              <1> 
    15 00000BEF 5461736B2D3100      <1> .s0	db	"Task-1", 0
   112                                  ;%include	"../../../../testOS/src/modules/protect/ring_buff.s"
   113                                  ;%include	"../../../../testOS/src/modules/protect/some.s"
   114                                  
   115                                  
   116                                  
   117 00000BF6 00<rept>                	times	KERNEL_SIZE - ($ - $$)	db	0
