     1                                  BOOT_LOAD	equ	0x7c00
     2                                  ORG		BOOT_LOAD
     3                                  
     4                                  entry:
     5 00000000 EB58                    	jmp	ipl
     6 00000002 90<rept>                	times 	90 - ($ - $$) db 0x90
     7                                  
     8                                  ipl:
     9 0000005A FA                      	cli
    10                                  
    11 0000005B B80000                  	mov	ax,0x0000
    12 0000005E 8ED8                    	mov	ds,ax
    13 00000060 8EC0                    	mov	es,ax
    14 00000062 8ED0                    	mov	ss,ax
    15 00000064 BC007C                  	mov	sp,BOOT_LOAD
    16                                  
    17 00000067 FB                      	sti
    18                                  
    19 00000068 8816[7800]              	mov	[BOOT.DRIVE], dl
    20                                  
    21 0000006C B042                    	mov	al,'B'
    22 0000006E B40E                    	mov	ah,0x0E
    23 00000070 BB0000                  	mov	bx,0x0000
    24 00000073 CD10                    	int 	0x10
    25                                  
    26 00000075 EBFE                    	jmp	$
    27                                  
    28 00000077 00                      ALIGN	2,db 0
    29                                  BOOT:
    30                                  .DRIVE:
    31 00000078 0000                    	dw 0
    32                                  
    33 0000007A 00<rept>                	times	510 - ($ - $$) db 0x00
    34 000001FE 55AA                    	db	0x55,0xAA
