     1                                  %include "../include/cdecl.s"
     1                              <1> %macro	cdecl	1-*.nolist
     2                              <1> 	%rep	%0 - 1
     3                              <1> 		push	%{-1:-1}
     4                              <1> 		%rotate -1
     5                              <1> 	%endrep
     6                              <1> 	%rotate -1
     7                              <1> 		call %1
     8                              <1> 	%if 1 < %0
     9                              <1> 		add	sp,(__BITS__ >> 3) * (%0 - 1)
    10                              <1> 	%endif
    11                              <1> %endmacro
     2                                  
     3                                  BOOT_LOAD	equ	0x7c00
     4                                  ORG		BOOT_LOAD
     5                                  
     6                                  
     7                                  entry:
     8 00000000 EB58                    	jmp	ipl
     9 00000002 90<rept>                	times 	90 - ($ - $$) db 0x90
    10                                  
    11                                  ipl:
    12 0000005A FA                      	cli
    13                                  
    14 0000005B B80000                  	mov	ax,0x0000
    15 0000005E 8ED8                    	mov	ds,ax
    16 00000060 8EC0                    	mov	es,ax
    17 00000062 8ED0                    	mov	ss,ax
    18 00000064 BC007C                  	mov	sp,BOOT_LOAD
    19                                  
    20 00000067 FB                      	sti
    21                                  
    22 00000068 8816[8600]              	mov	[BOOT.DRIVE], dl
    23                                  
    24 0000006C 6A58E8170083C402        	cdecl	putc,word 'X'
    25 00000074 6A59E80F0083C402        	cdecl	putc,word 'Y'
    26 0000007C 6A5AE8070083C402        	cdecl	putc,word 'Z'
    27                                  
    28 00000084 EBFE                    	jmp	$
    29                                  
    30                                  ALIGN	2,db 0
    31                                  BOOT:
    32                                  .DRIVE:
    33 00000086 0000                    	dw 0
    34                                  
    35                                  %include	"../modules/real/putc.s"
     1                              <1> putc:
     2 00000088 55                  <1> 	push	bp
     3 00000089 89E5                <1> 	mov	bp,sp
     4                              <1> 
     5 0000008B 50                  <1> 	push	ax
     6 0000008C 53                  <1> 	push	bx
     7                              <1> 
     8 0000008D 8A4604              <1> 	mov	al,[bp + 4]
     9 00000090 B40E                <1> 	mov	ah,0x0E
    10 00000092 BB0000              <1> 	mov	bx,0x0000
    11 00000095 CD10                <1> 	int	0x10
    12                              <1> 
    13 00000097 5B                  <1> 	pop	bx
    14 00000098 58                  <1> 	pop	ax
    15                              <1> 
    16 00000099 89EC                <1> 	mov	sp,bp
    17 0000009B 5D                  <1> 	pop	bp
    18                              <1> 
    19 0000009C C3                  <1> 	ret
    36                                  
    37 0000009D 00<rept>                	times	510 - ($ - $$) db 0x00
    38 000001FE 55AA                    	db	0x55,0xAA
