     1                                  %include	"../include/define.s"
     1                              <1> BOOT_LOAD		equ	0x7c00
     2                              <1> BOOT_END		equ	BOOT_LOAD + BOOT_SIZE
     3                              <1> 
     4                              <1> BOOT_SIZE		equ	(1024 * 8)
     5                              <1> SECT_SIZE		equ	(512)
     6                              <1> BOOT_SECT		equ	(BOOT_SIZE / SECT_SIZE)
     7                              <1> 
     8                              <1> E820_RECORD_SIZE	equ	20
     9                              <1> 
    10                              <1> KERNEL_LOAD		equ	0x0010_1000
    11                              <1> KERNEL_SIZE		equ	(1024 * 8)
    12                              <1> KERNEL_SECT		equ	(KERNEL_SIZE / SECT_SIZE)
     2                                  %include	"../include/cdecl.s"
     1                              <1> %macro	cdecl	1-*.nolist
     2                              <1> 	%rep	%0 - 1
     3                              <1> 		push	%{-1:-1}
     4                              <1> 		%rotate -1
     5                              <1> 	%endrep
     6                              <1> 	%rotate -1
     7                              <1> 		call %1
     8                              <1> 	%if 1 < %0
     9                              <1> 		add	sp,(__BITS__ >> 3) * (%0 - 1)
    10                              <1> 	%endif
    11                              <1> %endmacro
     3                                  %include	"../include/drive.s"
     1                              <1> struc drive
     2 00000000 <res 00000002>      <1> 	.no	resw	1	; number of drive
     3 00000002 <res 00000002>      <1> 	.cyln	resw	1	; cylnder
     4 00000004 <res 00000002>      <1> 	.head	resw	1	; head
     5 00000006 <res 00000002>      <1> 	.sect	resw	1	; sector
     6                              <1> endstruc
     4                                  
     5                                  ORG	KERNEL_LOAD
     6                                  
     7                                  [BITS 32]
     8                                  
     9                                  kernel:
    10                                  
    11 00000000 EBFE                    	jmp	$
    12                                  
    13 00000002 00<rept>                	times	KERNEL_SIZE - ($$ - $)	db	0
