     1                                  %include	"../include/define.s"
     1                              <1> BOOT_LOAD		equ	0x7c00
     2                              <1> BOOT_END		equ	BOOT_LOAD + BOOT_SIZE
     3                              <1> 
     4                              <1> BOOT_SIZE		equ	(1024 * 8)
     5                              <1> SECT_SIZE		equ	(512)
     6                              <1> BOOT_SECT		equ	(BOOT_SIZE / SECT_SIZE)
     7                              <1> 
     8                              <1> E820_RECORD_SIZE	equ	20
     9                              <1> 
    10                              <1> KERNEL_LOAD		equ	0x0010_1000
    11                              <1> KERNEL_SIZE		equ	(1024 * 8)
    12                              <1> KERNEL_SECT		equ	(KERNEL_SIZE / SECT_SIZE)
    13                              <1> 
    14                              <1> VECT_BASE		equ	0x0010_0000
    15                              <1> 
    16                              <1> %define			RING_ITEM_SIZE	(1 << 4)
    17                              <1> %define			RING_INDEX_MASK	(RING_ITEM_SIZE - 1)
    18                              <1> 
    19                              <1> struc			ring_buff		; for keyboard
    20 00000000 <res 00000004>      <1> 				.rp	resd	1
    21 00000004 <res 00000004>      <1> 				.wp	resd	1
    22 00000008 <res 00000010>      <1> 				.item	resb	RING_ITEM_SIZE
    23                              <1> endstruc
    24                              <1> ;struc ring_buff
    25                              <1> ;    .rp resd 1                  ; RP:書き込み位置
    26                              <1> ;    .wp resd 1                  ; WP:読み込み位置
    27                              <1> ;    .item resb RING_ITEM_SIZE   ; バッファ
    28                              <1> ;endstruc
    29                              <1> 
    30                              <1> STACK_BASE		equ	0x0010_3000
    31                              <1> STACK_SIZE		equ	1024
    32                              <1> 
    33                              <1> SP_TASK_0		equ	STACK_BASE + (STACK_SIZE * 1)
    34                              <1> SP_TASK_1		equ	STACK_BASE + (STACK_SIZE * 2)
     2                                  %include	"../include/cdecl.s"
     1                              <1> %macro	cdecl	1-*.nolist
     2                              <1> 	%rep	%0 - 1
     3                              <1> 		push	%{-1:-1}
     4                              <1> 		%rotate -1
     5                              <1> 	%endrep
     6                              <1> 	%rotate -1
     7                              <1> 		call %1
     8                              <1> 	%if 1 < %0
     9                              <1> 		add	sp,(__BITS__ >> 3) * (%0 - 1)
    10                              <1> 	%endif
    11                              <1> %endmacro
     3                                  %include	"../include/drive.s"
     1                              <1> struc drive
     2 00000000 <res 00000002>      <1> 	.no	resw	1	; number of drive
     3 00000002 <res 00000002>      <1> 	.cyln	resw	1	; cylnder
     4 00000004 <res 00000002>      <1> 	.head	resw	1	; head
     5 00000006 <res 00000002>      <1> 	.sect	resw	1	; sector
     6                              <1> endstruc
     4                                  %include	"../include/set_vect.s"
     1                              <1> %macro	set_vect 1-*.nolist	; vector_number, function_pointer
     2                              <1> 	push	eax
     3                              <1> 	push	edi
     4                              <1> 
     5                              <1> 	mov	edi, VECT_BASE + (%1 * 8)	; number converts to address
     6                              <1> 	mov	eax, %2
     7                              <1> 	
     8                              <1> 	%if	%0 == 3
     9                              <1> 		mov	[edi + 4],%3
    10                              <1> 	%endif
    11                              <1> 
    12                              <1> 	mov	[edi + 0], ax			; bottom
    13                              <1> 	shr	eax, 16
    14                              <1> 	mov	[edi + 6], ax			; tom
    15                              <1> 
    16                              <1> 
    17                              <1> 	pop	edi
    18                              <1> 	pop	eax
    19                              <1> %endmacro
     5                                  %include	"../include/outp.s"
     1                              <1> %macro	outp	2
     2                              <1> 	mov	al, %2
     3                              <1> 	out	%1, al
     4                              <1> %endmacro
     6                                  %include	"../include/set_desc.s"
     1                              <1> %macro	set_desc	2-*
     2                              <1> 	push	eax
     3                              <1> 	push	edi
     4                              <1> 
     5                              <1> 	mov	edi, %1
     6                              <1> 	mov	eax, %2
     7                              <1> 
     8                              <1> 	%if %0 == 3
     9                              <1> 		mov	[edi + 0], %3
    10                              <1> 	%endif
    11                              <1> 
    12                              <1> 	mov	[edi + 2], ax
    13                              <1> 	shr	eax, 16
    14                              <1> 	mov	[edi + 4], al
    15                              <1> 	mov	[edi + 7], ah
    16                              <1> 
    17                              <1> 	pop	edi
    18                              <1> 	pop	eax
    19                              <1> %endmacro
     7                                  %include	"../include/set_gate.s"
     1                              <1> %macro	set_gate 2-*
     2                              <1> 	push	eax
     3                              <1> 	push	edi
     4                              <1> 
     5                              <1> 	mov	edi, %1
     6                              <1> 	mov	eax, %2
     7                              <1> 
     8                              <1> 	mov	[edi + 0], ax
     9                              <1> 	shr	eax, 16
    10                              <1> 	mov	[edi + 6], ax
    11                              <1> 	
    12                              <1> 	pop	edi
    13                              <1> 	pop	eax
    14                              <1> %endmacro
     8                                  ;%include	"../../../../testOS/src/include/macro.s"
     9                                  
    10                                  ORG	KERNEL_LOAD
    11                                  
    12                                  ALIGN	4
    13 00000000 FF07                    IDTR:	dw	8 * 256 - 1	; size
    14 00000002 00001000                	dd	VECT_BASE
    15                                  
    16                                  
    17                                  [BITS 32]
    18                                  
    19                                  
    20                                  kernel:
    21 00000006 FA                      	cli
    22                                  
    23                                  
    24                                  
    25 00000007 BE007E0000              	mov	esi, BOOT_LOAD + SECT_SIZE
    26 0000000C 0FB706                  	movzx	eax, word [esi + 0]
    27 0000000F 0FB75E02                	movzx	ebx, word [esi + 2]
    28 00000013 C1E004                  	shl	eax, 4
    29 00000016 01D8                    	add	eax, ebx		; Emulate real mode addressing
    30 00000018 A3[B0010000]            	mov	[FONT_ADR], eax
    31                                  	
    32                                  	set_desc	GDT.ldt, LDT, word LDT_LIMIT
    32 0000001D 50                  <1>  push eax
    32 0000001E 57                  <1>  push edi
    32                              <1> 
    32 0000001F BF[480B0000]        <1>  mov edi, %1
    32 00000024 B8[080B0000]        <1>  mov eax, %2
    32                              <1> 
    32                              <1>  %if %0 == 3
    32 00000029 66C7072700          <1>  mov [edi + 0], %3
    32                              <1>  %endif
    32                              <1> 
    32 0000002E 66894702            <1>  mov [edi + 2], ax
    32 00000032 C1E810              <1>  shr eax, 16
    32 00000035 884704              <1>  mov [edi + 4], al
    32 00000038 886707              <1>  mov [edi + 7], ah
    32                              <1> 
    32 0000003B 5F                  <1>  pop edi
    32 0000003C 58                  <1>  pop eax
    33                                  	set_desc	GDT.tss_0, TSS_0
    33 0000003D 50                  <1>  push eax
    33 0000003E 57                  <1>  push edi
    33                              <1> 
    33 0000003F BF[500B0000]        <1>  mov edi, %1
    33 00000044 B8[6E0B0000]        <1>  mov eax, %2
    33                              <1> 
    33                              <1>  %if %0 == 3
    33                              <1>  mov [edi + 0], %3
    33                              <1>  %endif
    33                              <1> 
    33 00000049 66894702            <1>  mov [edi + 2], ax
    33 0000004D C1E810              <1>  shr eax, 16
    33 00000050 884704              <1>  mov [edi + 4], al
    33 00000053 886707              <1>  mov [edi + 7], ah
    33                              <1> 
    33 00000056 5F                  <1>  pop edi
    33 00000057 58                  <1>  pop eax
    34                                  	set_desc	GDT.tss_1, TSS_1
    34 00000058 50                  <1>  push eax
    34 00000059 57                  <1>  push edi
    34                              <1> 
    34 0000005A BF[580B0000]        <1>  mov edi, %1
    34 0000005F B8[D60B0000]        <1>  mov eax, %2
    34                              <1> 
    34                              <1>  %if %0 == 3
    34                              <1>  mov [edi + 0], %3
    34                              <1>  %endif
    34                              <1> 
    34 00000064 66894702            <1>  mov [edi + 2], ax
    34 00000068 C1E810              <1>  shr eax, 16
    34 0000006B 884704              <1>  mov [edi + 4], al
    34 0000006E 886707              <1>  mov [edi + 7], ah
    34                              <1> 
    34 00000071 5F                  <1>  pop edi
    34 00000072 58                  <1>  pop eax
    35 00000073 0F0115[680B0000]        	lgdt		[GDTR]
    36                                  
    37 0000007A BC00341000              	mov	esp, SP_TASK_0
    38 0000007F 66B82000                	mov	ax, SS_TASK_0	; set tss0
    39 00000083 0F00D8                  	ltr	ax
    40                                  	; say "this process is task 0" to CPU
    41                                  
    42                                  
    43 00000086 E85B080000              	cdecl	init_int
    44 0000008B E8F4060000              	cdecl	init_pic
    45                                  
    46 00000090 5057BF00001000B8-       	set_vect	0x00, int_zero_div
    46 00000098 [1D090000]668907C1-
    46 000000A0 E810668947065F58   
    47 000000A8 5057BF00011000B8-       	set_vect	0x20, int_timer
    47 000000B0 [770A0000]668907C1-
    47 000000B8 E810668947065F58   
    48 000000C0 5057BF08011000B8-       	set_vect	0x21, int_keyboard
    48 000000C8 [3B090000]668907C1-
    48 000000D0 E810668947065F58   
    49 000000D8 5057BF40011000B8-       	set_vect	0x28, int_rtc
    49 000000E0 [47070000]668907C1-
    49 000000E8 E810668947065F58   
    50                                  
    51                                  	set_gate	GDT.call_gate, call_gate
    51 000000F0 50                  <1>  push eax
    51 000000F1 57                  <1>  push edi
    51                              <1> 
    51 000000F2 BF[600B0000]        <1>  mov edi, %1
    51 000000F7 B8[270A0000]        <1>  mov eax, %2
    51                              <1> 
    51 000000FC 668907              <1>  mov [edi + 0], ax
    51 000000FF C1E810              <1>  shr eax, 16
    51 00000102 66894706            <1>  mov [edi + 6], ax
    51                              <1> 
    51 00000106 5F                  <1>  pop edi
    51 00000107 58                  <1>  pop eax
    52                                  	
    53 00000108 6A10E8610600006683-     	cdecl	rtc_int_en, 0x10	; interrupt per udpate
    53 00000111 C404               
    54 00000113 E89C090000              	cdecl	int_en_timer
    55                                  	
    56                                  	outp	0x21, 0b1111_1000	; slave
    56 00000118 B0F8                <1>  mov al, %2
    56 0000011A E621                <1>  out %1, al
    57                                  	outp	0xA1, 0b1111_1110	; rtc
    57 0000011C B0FE                <1>  mov al, %2
    57 0000011E E6A1                <1>  out %1, al
    58                                  	
    59 00000120 FB                      	sti
    60                                  	
    61 00000121 6A0D6A3FE805020000-     	cdecl	draw_font, 63, 13
    61 0000012A 6683C408           
    62 0000012E 6A046A3FE87C020000-     	cdecl	draw_color_bar, 63, 4
    62 00000137 6683C408           
    63                                  
    64 0000013B 68[85010000]680F01-             cdecl	draw_str, 25, 14, 0x010F, .s0
    64 00000143 00006A0E6A19E81C02-
    64 0000014C 00006683C410       
    65                                  
    66                                  	;jmp	SS_TASK_1:10000
    67                                  .10L:
    68                                  
    69 00000152 E872090000              	cdecl	draw_rotation_bar
    70                                  
    71 00000157 68[AC010000]68-         	cdecl	ring_rd, _KEY_BUFF, .int_key
    71 0000015D [60090000]E8120800-
    71 00000165 006683C408         
    72 0000016A 83F800                  	cmp	eax, 0
    73 0000016D 74E3                    	je	.10L
    74                                  
    75 0000016F 68[60090000]6A1D6A-     	cdecl	draw_key, 2, 29, _KEY_BUFF
    75 00000177 02E8570800006683C4-
    75 00000180 0C                 
    76                                  
    77                                  
    78 00000181 EBCF                    	jmp	.10L
    79                                  
    80 00000183 EBFE                    	jmp	$
    81                                  	
    82                                  	
    83 00000185 2048656C6C6F2C206B-     .s0:	db	" Hello, kernel! ", 0
    83 0000018E 65726E656C212000   
    84 00000196 2D2D2D2D00              .t0:	db	"----",0
    85 0000019B 2D2D2D2D2D2D2D2D2D-     .t1:	db	"----------------",0
    85 000001A4 2D2D2D2D2D2D2D00   
    86 000001AC 00000000                .int_key:	dd	0
    87                                  
    88                                  ALIGN	4,	db	0
    89 000001B0 00000000                FONT_ADR:	dd	0
    90 000001B4 00000000                RTC_TIME:	dd	0
    91                                  
    92                                  
    93                                  %include	"../modules/protect/vga.s"
     1                              <1> vga_set_read_plane:	; cga_set_read_plane(plane)
     2                              <1> ; this function only selects read plane
     3 000001B8 55                  <1> 	push	ebp
     4 000001B9 89E5                <1> 	mov	ebp, esp
     5                              <1> 	
     6 000001BB 50                  <1> 	push	eax
     7 000001BC 52                  <1> 	push	edx
     8                              <1> 
     9 000001BD 8A6508              <1> 	mov	ah, [ebp + 8]	; 32bit
    10 000001C0 80E403              <1> 	and	ah, 0x03
    11 000001C3 B004                <1> 	mov	al, 0x04	; read map
    12 000001C5 66BACE03            <1> 	mov	dx, 0x03CE
    13 000001C9 66EF                <1> 	out	dx, ax
    14                              <1> 
    15 000001CB 5A                  <1> 	pop	edx
    16 000001CC 58                  <1> 	pop	eax
    17                              <1> 
    18 000001CD 89EC                <1> 	mov	esp,ebp
    19 000001CF 5D                  <1> 	pop	ebp
    20                              <1> 
    21 000001D0 C3                  <1> 	ret
    22                              <1> 
    23                              <1> vga_set_write_plane:
    24 000001D1 55                  <1> 	push	ebp
    25 000001D2 89E5                <1> 	mov	ebp, esp
    26                              <1> 
    27 000001D4 50                  <1> 	push	eax
    28 000001D5 52                  <1> 	push	edx
    29                              <1> 
    30 000001D6 8A6508              <1> 	mov	ah, [ebp + 8]
    31 000001D9 80E40F              <1> 	and	ah, 0x0F
    32 000001DC B002                <1> 	mov	al, 0x02		; write select
    33 000001DE 66BAC403            <1> 	mov	dx, 0x03C4
    34 000001E2 66EF                <1> 	out	dx, ax
    35                              <1> 
    36 000001E4 5A                  <1> 	pop	edx
    37 000001E5 58                  <1> 	pop	eax
    38                              <1> 
    39 000001E6 89EC                <1> 	mov	esp, ebp
    40 000001E8 5D                  <1> 	pop	ebp
    41                              <1> 
    42 000001E9 C3                  <1> 	ret
    43                              <1> 
    44                              <1> vram_font_copy: ; vram_font_copy(font,vram,plane,color)
    45                              <1> ; select plane, and same color
    46                              <1> ; so, this function must be called each plane
    47                              <1> ; COLOR FORMAT
    48                              <1> ; ----IRGB,---TIRGB
    49                              <1> ; BACK_COL,FORD_COL
    50 000001EA 55                  <1> 	push	ebp
    51 000001EB 89E5                <1> 	mov	ebp, esp
    52                              <1> 
    53 000001ED 50                  <1> 	push	eax
    54 000001EE 53                  <1> 	push	ebx
    55 000001EF 51                  <1> 	push	ecx
    56 000001F0 52                  <1> 	push	edx
    57 000001F1 56                  <1> 	push	esi
    58 000001F2 57                  <1> 	push	edi
    59                              <1> 
    60 000001F3 8B7508              <1> 	mov	esi, [ebp + 8]		; font address
    61 000001F6 8B7D0C              <1> 	mov	edi, [ebp +12]		; vram address
    62 000001F9 0FB64510            <1> 	movzx	eax, byte [ebp +16]	; abs expand
    63 000001FD 0FB75D14            <1> 	movzx	ebx, word [ebp +20]	; abs expand. color
    64                              <1> 
    65                              <1> 	; DX is mask value
    66 00000201 84C7                <1> 	test	bh, al			; BACK
    67 00000203 0F94C6              <1> 	setz	dh			; DH = ZF ? 0x01 : 0x00
    68 00000206 FECE                <1> 	dec	dh			; DH = ZF ? 0x00 : 0xFF
    69                              <1> 
    70 00000208 84C3                <1> 	test	bl, al			; FORWARD
    71 0000020A 0F94C2              <1> 	setz	dl
    72 0000020D FECA                <1> 	dec	dl
    73                              <1> 
    74 0000020F FC                  <1> 	cld	; Direction PLUS
    75                              <1> 
    76 00000210 B910000000          <1> 	mov	ecx, 16			; 16 dot
    77                              <1> .10L:
    78 00000215 AC                  <1> 	lodsb				; AX = [ESI],ESI++
    79 00000216 88C4                <1> 	mov	ah, al			; AL is font data
    80 00000218 F6D4                <1> 	not	ah			; AH is anti font data
    81                              <1> 
    82 0000021A 20D0                <1> 	and	al, dl			; FORWARD font data
    83                              <1> 
    84 0000021C F7C310000000        <1> 	test	ebx, 0b00010000		; I bit
    85 00000222 7404                <1> 	jz	.11F
    86 00000224 2227                <1> 	and	ah, [edi]
    87 00000226 EB02                <1> 	jmp	.11E
    88                              <1> .11F:
    89 00000228 20F4                <1> 	and	ah, dh			; normal
    90                              <1> .11E:
    91 0000022A 08E0                <1> 	or	al,ah
    92 0000022C 8807                <1> 	mov	[edi],al
    93                              <1> 
    94 0000022E 83C750              <1> 	add	edi,80			; next
    95 00000231 E2E2                <1> 	loop	.10L
    96                              <1> .10E:
    97                              <1> 
    98 00000233 5F                  <1> 	pop	edi
    99 00000234 5E                  <1> 	pop	esi
   100 00000235 5A                  <1> 	pop	edx
   101 00000236 59                  <1> 	pop	ecx
   102 00000237 5B                  <1> 	pop	ebx
   103 00000238 58                  <1> 	pop	eax
   104                              <1> 
   105 00000239 89EC                <1> 	mov	esp, ebp
   106 0000023B 5D                  <1> 	pop	ebp
   107                              <1> 
   108 0000023C C3                  <1> 	ret
   109                              <1> 
   110                              <1> 	
   111                              <1> vram_bit_copy:
   112 0000023D 55                  <1> 	push	ebp
   113 0000023E 89E5                <1> 	mov	ebp, esp
   114                              <1> 
   115 00000240 57                  <1> 	push	edi
   116 00000241 50                  <1> 	push	eax
   117 00000242 53                  <1> 	push	ebx
   118                              <1> 
   119 00000243 8B7D0C              <1> 	mov	edi, [ebp +12]	; vram address
   120 00000246 0FB64510            <1> 	movzx	eax, byte [ebp +16]	; plane
   121 0000024A 0FB75D14            <1> 	movzx	ebx, word [ebp +20]	; color
   122                              <1> 
   123 0000024E 84C3                <1> 	test	bl, al
   124 00000250 0F94C3              <1> 	setz	bl
   125 00000253 FECB                <1> 	dec	bl
   126                              <1> 
   127 00000255 8A4508              <1> 	mov	al, [ebp + 8]	; bit pattern
   128 00000258 88C4                <1> 	mov	ah, al
   129 0000025A F6D4                <1> 	not	ah
   130                              <1> 	; AL = (bit pattern), AH = ~(bit pattern)
   131                              <1> 
   132 0000025C 2227                <1> 	and	ah, [edi]	; [edi] is now data
   133 0000025E 20D8                <1> 	and	al, bl
   134 00000260 08E0                <1> 	or	al, ah
   135 00000262 8807                <1> 	mov	[edi], al
   136                              <1> 
   137 00000264 5B                  <1> 	pop	ebx
   138 00000265 58                  <1> 	pop	eax
   139 00000266 5F                  <1> 	pop	edi
   140                              <1> 
   141 00000267 89EC                <1> 	mov	esp, ebp
   142 00000269 5D                  <1> 	pop	ebp
   143                              <1> 
   144 0000026A C3                  <1> 	ret
   145                              <1> 
    94                                  %include	"../modules/protect/draw_char.s"
     1                              <1> draw_char:
     2                              <1> ; draw_char(row,col,color,ch)
     3 0000026B 55                  <1> 	push	ebp
     4 0000026C 89E5                <1> 	mov	ebp, esp
     5                              <1> 
     6 0000026E 56                  <1> 	push	esi
     7 0000026F 57                  <1> 	push	edi
     8 00000270 50                  <1> 	push	eax
     9 00000271 53                  <1> 	push	ebx
    10 00000272 51                  <1> 	push	ecx
    11 00000273 52                  <1> 	push	edx
    12                              <1> 
    13 00000274 0FB67514            <1> 	movzx	esi, byte [ebp + 20]	; esi = ch
    14 00000278 C1E604              <1> 	shl	esi, 4
    15 0000027B 0335[B0010000]      <1> 	add	esi, [FONT_ADR]
    16                              <1> 
    17 00000281 8B7D0C              <1> 	mov	edi, [ebp +12]
    18 00000284 C1E708              <1> 	shl	edi, 8
    19 00000287 8DBCBF00000A00      <1> 	lea	edi, [edi * 4 + edi + 0x000A_0000]
    20 0000028E 037D08              <1> 	add	edi, [ebp + 8]
    21                              <1> 
    22 00000291 0FB75D10            <1> 	movzx	ebx, word [ebp +16]
    23                              <1> 
    24 00000295 6A03E81CFFFFFF6683- <1> 	cdecl	vga_set_read_plane, 0x03
    24 0000029E C404                <1>
    25 000002A0 6A08E82AFFFFFF6683- <1> 	cdecl	vga_set_write_plane, 0x08
    25 000002A9 C404                <1>
    26 000002AB 536A085756E835FFFF- <1> 	cdecl	vram_font_copy, esi, edi, 0x08, ebx
    26 000002B4 FF6683C410          <1>
    27                              <1> 
    28 000002B9 6A02E8F8FEFFFF6683- <1> 	cdecl	vga_set_read_plane, 0x02
    28 000002C2 C404                <1>
    29 000002C4 6A04E806FFFFFF6683- <1> 	cdecl	vga_set_write_plane, 0x04
    29 000002CD C404                <1>
    30 000002CF 536A045756E811FFFF- <1> 	cdecl	vram_font_copy, esi, edi, 0x04, ebx
    30 000002D8 FF6683C410          <1>
    31                              <1> 
    32 000002DD 6A01E8D4FEFFFF6683- <1> 	cdecl	vga_set_read_plane, 0x01
    32 000002E6 C404                <1>
    33 000002E8 6A02E8E2FEFFFF6683- <1> 	cdecl	vga_set_write_plane, 0x02
    33 000002F1 C404                <1>
    34 000002F3 536A025756E8EDFEFF- <1> 	cdecl	vram_font_copy, esi, edi, 0x02, ebx
    34 000002FC FF6683C410          <1>
    35                              <1> 	
    36 00000301 6A00E8B0FEFFFF6683- <1> 	cdecl	vga_set_read_plane, 0x00
    36 0000030A C404                <1>
    37 0000030C 6A01E8BEFEFFFF6683- <1> 	cdecl	vga_set_write_plane, 0x01
    37 00000315 C404                <1>
    38 00000317 536A015756E8C9FEFF- <1> 	cdecl	vram_font_copy, esi, edi, 0x01, ebx
    38 00000320 FF6683C410          <1>
    39                              <1> 
    40 00000325 5A                  <1> 	pop	edx
    41 00000326 59                  <1> 	pop	ecx
    42 00000327 5B                  <1> 	pop	ebx
    43 00000328 58                  <1> 	pop	eax
    44 00000329 5F                  <1> 	pop	edi
    45 0000032A 5E                  <1> 	pop	esi
    46                              <1> 
    47 0000032B 89EC                <1> 	mov	esp, ebp
    48 0000032D 5D                  <1> 	pop	ebp
    49                              <1> 
    50 0000032E C3                  <1> 	ret
    51                              <1> 
    52                              <1> 	
    95                                  %include	"../modules/protect/draw_font.s"
     1                              <1> draw_font:
     2 0000032F 55                  <1> 	push	ebp
     3 00000330 89E5                <1> 	mov	ebp, esp
     4                              <1> 
     5 00000332 50                  <1> 	push	eax
     6 00000333 53                  <1> 	push	ebx
     7 00000334 51                  <1> 	push	ecx
     8                              <1> 
     9 00000335 B900000000          <1> 	mov	ecx, 0
    10                              <1> .10L:
    11 0000033A 81F900010000        <1> 	cmp	ecx,256
    12 00000340 7321                <1> 	jae	.10E
    13                              <1> 
    14 00000342 89C8                <1> 	mov	eax, ecx
    15 00000344 83E00F              <1> 	and	eax, 0b00001111
    16 00000347 034508              <1> 	add	eax, [ebp + 8]
    17                              <1> 
    18 0000034A 89CB                <1> 	mov	ebx, ecx
    19 0000034C C1EB04              <1> 	shr	ebx, 4
    20 0000034F 035D0C              <1> 	add	ebx, [ebp +12]
    21                              <1> 
    22 00000352 516A075350E80FFFFF- <1> 	cdecl	draw_char, eax, ebx, 0x07, ecx
    22 0000035B FF6683C410          <1>
    23                              <1> 	
    24 00000360 41                  <1> 	inc	ecx
    25 00000361 EBD7                <1> 	jmp	.10L
    26                              <1> 
    27                              <1> .10E:
    28                              <1> 
    29 00000363 59                  <1> 	pop	ecx
    30 00000364 5B                  <1> 	pop	ebx
    31 00000365 58                  <1> 	pop	eax
    32                              <1> 
    33 00000366 89EC                <1> 	mov	esp, ebp
    34 00000368 5D                  <1> 	pop	ebp
    35                              <1> 
    36 00000369 C3                  <1> 	ret
    37                              <1> 
    38                              <1> 
    39                              <1> 
    96                                  %include	"../modules/protect/draw_str.s"
     1                              <1> draw_str:	; draw_str(row,col,color,str)
     2 0000036A 55                  <1> 	push	ebp
     3 0000036B 89E5                <1> 	mov	ebp, esp
     4                              <1> 	
     5 0000036D 50                  <1> 	push	eax
     6 0000036E 53                  <1> 	push	ebx
     7 0000036F 51                  <1> 	push	ecx
     8 00000370 52                  <1> 	push	edx
     9 00000371 56                  <1> 	push	esi
    10                              <1> 
    11 00000372 8B5D08              <1> 	mov	ebx, [ebp + 8]
    12 00000375 8B4D0C              <1> 	mov	ecx, [ebp +12]
    13 00000378 0FB75510            <1> 	movzx	edx, word [ebp +16]
    14 0000037C 8B7514              <1> 	mov	esi, [ebp +20]
    15                              <1> 	
    16 0000037F FC                  <1> 	cld
    17                              <1> .10L:
    18                              <1> 	;mov	eax, 0
    19 00000380 AC                  <1> 	lodsb
    20 00000381 3C00                <1> 	cmp	al, 0
    21 00000383 7425                <1> 	je	.10E
    22 00000385 50525153E8DDFEFFFF- <1> 	cdecl	draw_char, ebx, ecx, edx, eax
    22 0000038E 6683C410            <1>
    23 00000392 43                  <1> 	inc	ebx
    24 00000393 83FB50              <1> 	cmp	ebx, 80
    25 00000396 7CE8                <1> 	jl	.10L
    26 00000398 BB00000000          <1> 	mov	ebx, 0
    27 0000039D 41                  <1> 	inc	ecx
    28 0000039E 83F91E              <1> 	cmp	ecx, 30
    29 000003A1 7CDD                <1> 	jl	.10L
    30 000003A3 B900000000          <1> 	mov	ecx, 0
    31                              <1> 	
    32 000003A8 EBD6                <1> 	jmp	.10L
    33                              <1> .10E:
    34                              <1> 
    35 000003AA 5E                  <1> 	pop	esi
    36 000003AB 5A                  <1> 	pop	edx
    37 000003AC 59                  <1> 	pop	ecx
    38 000003AD 5B                  <1> 	pop	ebx
    39 000003AE 58                  <1> 	pop	eax
    40                              <1> 
    41 000003AF 89EC                <1> 	mov	esp, ebp
    42 000003B1 5D                  <1> 	pop	ebp
    43                              <1> 
    44 000003B2 C3                  <1> 	ret
    97                                  %include	"../modules/protect/draw_color_bar.s"
     1                              <1> draw_color_bar:	; draw_color_bar(row,col)
     2 000003B3 55                  <1> 	push	ebp
     3 000003B4 89E5                <1> 	mov	ebp, esp
     4                              <1> 
     5 000003B6 56                  <1> 	push	esi
     6 000003B7 57                  <1> 	push	edi
     7 000003B8 50                  <1> 	push	eax
     8 000003B9 53                  <1> 	push	ebx
     9 000003BA 51                  <1> 	push	ecx
    10 000003BB 52                  <1> 	push	edx
    11                              <1> 
    12 000003BC 8B7508              <1> 	mov	esi, [ebp + 8]
    13 000003BF 8B7D0C              <1> 	mov	edi, [ebp +12]
    14                              <1> 
    15 000003C2 B900000000          <1> 	mov	ecx, 0		; counter
    16                              <1> .10L:
    17 000003C7 83F910              <1> 	cmp	ecx, 16
    18 000003CA 732E                <1> 	jae	.10E
    19                              <1> 
    20 000003CC 89C8                <1> 	mov	eax, ecx
    21 000003CE 83E001              <1> 	and	eax, 0x01	; % 2
    22 000003D1 C1E003              <1> 	shl	eax, 3		; *= 8
    23 000003D4 01F0                <1> 	add	eax, esi
    24                              <1> 
    25 000003D6 89CB                <1> 	mov	ebx, ecx
    26 000003D8 D1EB                <1> 	shr	ebx, 1		; / 2
    27 000003DA 01FB                <1> 	add	ebx, edi	
    28                              <1> 
    29                              <1> 	; (x,y) = (eax,ebx)
    30                              <1> 
    31 000003DC 89CA                <1> 	mov	edx, ecx
    32 000003DE D1E2                <1> 	shl	edx, 1
    33 000003E0 8B92[0D040000]      <1> 	mov	edx, [.t0 + edx]	; select color
    34                              <1> 
    35 000003E6 68[04040000]525350- <1> 	cdecl	draw_str, eax, ebx, edx, .s0
    35 000003EE E877FFFFFF6683C410  <1>
    36                              <1> 
    37 000003F7 41                  <1> 	inc	ecx
    38 000003F8 EBCD                <1> 	jmp	.10L
    39                              <1> 
    40                              <1> .10E:
    41 000003FA 52                  <1> 	push	edx	
    42 000003FB 51                  <1> 	push	ecx	
    43 000003FC 53                  <1> 	push	ebx	
    44 000003FD 50                  <1> 	push	eax	
    45 000003FE 57                  <1> 	push	edi	
    46 000003FF 56                  <1> 	push	esi	
    47                              <1> 
    48 00000400 89EC                <1> 	mov	esp, ebp
    49 00000402 5D                  <1> 	pop	ebp
    50                              <1> 
    51 00000403 C3                  <1> 	ret
    52                              <1> 
    53                              <1> ;.s0:	db	"        ",0
    54 00000404 202020202020202000  <1> .s0:    db '        ', 0
    55                              <1> 
    56 0000040D 00000008            <1> .t0:	dw 0x0000,0x0800
    57 00000411 00010009            <1> 	dw 0x0100,0x0900
    58 00000415 0002000A            <1> 	dw 0x0200,0x0A00
    59 00000419 0003000B            <1> 	dw 0x0300,0x0B00
    60 0000041D 0004000C            <1> 	dw 0x0400,0x0C00
    61 00000421 0005000D            <1> 	dw 0x0500,0x0D00
    62 00000425 0006000E            <1> 	dw 0x0600,0x0E00
    63 00000429 0007000F            <1> 	dw 0x0700,0x0F00
    98                                  %include	"../modules/protect/draw_pixel.s"
     1                              <1> draw_pixel:	; draw_pixel(X,Y,color)
     2                              <1> ; X,Y is PIXEL data
     3 0000042D 55                  <1> 	push	ebp
     4 0000042E 89E5                <1> 	mov	ebp, esp
     5                              <1> 
     6 00000430 57                  <1> 	push	edi
     7 00000431 53                  <1> 	push	ebx
     8 00000432 51                  <1> 	push	ecx
     9                              <1> 
    10 00000433 8B7D0C              <1> 	mov	edi, [ebp +12]
    11 00000436 C1E704              <1> 	shl	edi, 4
    12 00000439 8DBCBF00000A00      <1> 	lea	edi, [edi * 4 + edi + 0x000A_0000]
    13                              <1> 
    14 00000440 8B5D08              <1> 	mov	ebx, [ebp + 8]	
    15 00000443 89D9                <1> 	mov	ecx, ebx
    16 00000445 C1EB03              <1> 	shr	ebx, 3
    17 00000448 01DF                <1> 	add	edi, ebx
    18                              <1> 
    19 0000044A 83E107              <1> 	and	ecx, 0x07
    20 0000044D BB80000000          <1> 	mov	ebx, 0b1000_0000
    21                              <1> 	; for examle. ecx = 1
    22                              <1> 	; ebx = 0b0100_0000
    23 00000452 D3EB                <1> 	shr	ebx, cl
    24                              <1> 	
    25 00000454 8B4D10              <1> 	mov	ecx, [ebp +16]	; color
    26                              <1> 
    27 00000457 6A03E85AFDFFFF6683- <1> 	cdecl	vga_set_read_plane, 0x03
    27 00000460 C404                <1>
    28 00000462 6A08E868FDFFFF6683- <1> 	cdecl	vga_set_write_plane, 0x08
    28 0000046B C404                <1>
    29 0000046D 516A085753E8C6FDFF- <1> 	cdecl	vram_bit_copy, ebx, edi, 0x08, ecx
    29 00000476 FF6683C410          <1>
    30                              <1> 	; vram_bit_copy
    31                              <1> 	; bit_pattarn, address, plane, color
    32                              <1> 
    33 0000047B 6A02E836FDFFFF6683- <1> 	cdecl	vga_set_read_plane, 0x02
    33 00000484 C404                <1>
    34 00000486 6A04E844FDFFFF6683- <1> 	cdecl	vga_set_write_plane, 0x04
    34 0000048F C404                <1>
    35 00000491 516A045753E8A2FDFF- <1> 	cdecl	vram_bit_copy, ebx, edi, 0x04, ecx
    35 0000049A FF6683C410          <1>
    36                              <1> 	
    37 0000049F 6A01E812FDFFFF6683- <1> 	cdecl	vga_set_read_plane, 0x01
    37 000004A8 C404                <1>
    38 000004AA 6A02E820FDFFFF6683- <1> 	cdecl	vga_set_write_plane, 0x02
    38 000004B3 C404                <1>
    39 000004B5 516A025753E87EFDFF- <1> 	cdecl	vram_bit_copy, ebx, edi, 0x02, ecx
    39 000004BE FF6683C410          <1>
    40                              <1> 	
    41 000004C3 6A00E8EEFCFFFF6683- <1> 	cdecl	vga_set_read_plane, 0x00
    41 000004CC C404                <1>
    42 000004CE 6A01E8FCFCFFFF6683- <1> 	cdecl	vga_set_write_plane, 0x01
    42 000004D7 C404                <1>
    43 000004D9 516A015753E85AFDFF- <1> 	cdecl	vram_bit_copy, ebx, edi, 0x01, ecx
    43 000004E2 FF6683C410          <1>
    44                              <1> 
    45 000004E7 59                  <1> 	pop	ecx
    46 000004E8 5B                  <1> 	pop	ebx
    47 000004E9 5F                  <1> 	pop	edi
    48                              <1> 
    49 000004EA 89EC                <1> 	mov	esp, ebp
    50 000004EC 5D                  <1> 	pop	ebp
    51                              <1> 
    52 000004ED C3                  <1> 	ret
    53                              <1> 
    99                                  %include	"../modules/protect/draw_line.s"
     1                              <1> draw_line:	; draw_line(X0,Y0,X1,Y0,color)
     2 000004EE 55                  <1> 	push	ebp
     3 000004EF 89E5                <1> 	mov	ebp, esp
     4                              <1> 
     5 000004F1 6A00                <1> 	push	dword 0	; SUM: - 4
     6 000004F3 6A00                <1> 	push	dword 0	; x0 : - 8
     7 000004F5 6A00                <1> 	push	dword 0	; wid: -12
     8 000004F7 6A00                <1> 	push	dword 0	; inx: -16
     9 000004F9 6A00                <1> 	push	dword 0	; y0 : -20
    10 000004FB 6A00                <1> 	push	dword 0	; hei: -24
    11 000004FD 6A00                <1> 	push	dword 0	; iny: -28
    12                              <1> 
    13 000004FF 50                  <1> 	push	eax
    14 00000500 53                  <1> 	push	ebx
    15 00000501 51                  <1> 	push	ecx
    16 00000502 52                  <1> 	push	edx
    17 00000503 56                  <1> 	push	esi
    18 00000504 57                  <1> 	push	edi
    19                              <1> 
    20 00000505 8B4508              <1> 	mov	eax, [ebp + 8]
    21 00000508 8B5D10              <1> 	mov	ebx, [ebp +16]
    22 0000050B 29C3                <1> 	sub	ebx, eax	; X1 - X0
    23 0000050D 7D09                <1> 	jge	.10F
    24                              <1> 	
    25 0000050F F7DB                <1> 	neg	ebx
    26 00000511 BEFFFFFFFF          <1> 	mov	esi, -1
    27 00000516 EB05                <1> 	jmp	.10E
    28                              <1> .10F:
    29 00000518 BE01000000          <1> 	mov	esi, 1
    30                              <1> .10E:
    31                              <1> 	
    32 0000051D 8B4D0C              <1> 	mov	ecx, [ebp +12]
    33 00000520 8B5514              <1> 	mov	edx, [ebp +20]
    34 00000523 29CA                <1> 	sub	edx, ecx
    35 00000525 7D09                <1> 	jge	.20F
    36                              <1> 
    37 00000527 F7DA                <1> 	neg	edx
    38 00000529 BFFFFFFFFF          <1> 	mov	edi, -1
    39 0000052E EB05                <1> 	jmp	.20E
    40                              <1> .20F:
    41 00000530 BF01000000          <1> 	mov	edi, 1
    42                              <1> .20E:
    43                              <1> 	
    44 00000535 8945F8              <1> 	mov	[ebp - 8], eax	; start.x
    45 00000538 895DF4              <1> 	mov	[ebp -12], ebx	; width
    46 0000053B 8975F0              <1> 	mov	[ebp -16], esi	; inc_x
    47                              <1> 
    48 0000053E 894DEC              <1> 	mov	[ebp -20], ecx	; start.y
    49 00000541 8955E8              <1> 	mov	[ebp -24], edx	; hegiht
    50 00000544 897DE4              <1> 	mov	[ebp -28], edi	; inc_y
    51                              <1> 
    52 00000547 39D3                <1> 	cmp	ebx, edx
    53 00000549 7F08                <1> 	jg	.22F		; determin abs axis
    54                              <1> 
    55 0000054B 8D75EC              <1> 	lea	esi, [ebp -20]
    56 0000054E 8D7DF8              <1> 	lea	edi, [ebp - 8]
    57                              <1> 	
    58 00000551 EB06                <1> 	jmp	.22E
    59                              <1> .22F:
    60 00000553 8D75F8              <1> 	lea	esi, [ebp - 8]
    61 00000556 8D7DEC              <1> 	lea	edi, [ebp -20]
    62                              <1> .22E:
    63                              <1> 	; ESI, EDI is "ADDRESS"
    64                              <1> 
    65 00000559 8B4EFC              <1> 	mov	ecx, [esi - 4]	; Abs axis
    66 0000055C 83F900              <1> 	cmp	ecx, 0
    67 0000055F 7505                <1> 	jnz	.30E
    68 00000561 B901000000          <1> 	mov	ecx, 1		; not have length
    69                              <1> .30E:
    70                              <1> 	
    71                              <1> .50L:
    72                              <1> 	;cdecl	draw_pixel,	dword [ebp - 8], \	; x0
    73                              <1> 	;			dword [ebp -20], \	; y0
    74                              <1> 	;			dword [ebp +24]		; color
    75 00000566 FF7518FF75ECFF75F8- <1>         cdecl draw_pixel, dword [ebp - 8], dword [ebp - 20], dword [ebp + 24]
    75 0000056F E8B9FEFFFF6683C40C  <1>
    76                              <1> 	
    77                              <1> 	; update coordinate
    78 00000578 8B46F8              <1> 	mov	eax, [esi - 8] 	; abs axis -1 or 0 or -1
    79 0000057B 0106                <1> 	add	[esi - 0], eax	; abs coordinate
    80                              <1> 
    81 0000057D 8B45FC              <1> 	mov	eax, [ebp - 4]
    82 00000580 0347FC              <1> 	add	eax, [edi - 4]
    83 00000583 8B5EFC              <1> 	mov	ebx, [esi - 4]
    84                              <1> 
    85 00000586 39D8                <1> 	cmp	eax, ebx
    86 00000588 7C07                <1> 	jl	.52E
    87 0000058A 29D8                <1> 	sub	eax, ebx	; sum -= wid
    88                              <1> 	; sum can only add -1 or 1
    89                              <1> 	; so. not be  "dif * 2 < sum" 
    90                              <1> 
    91 0000058C 8B5FF8              <1> 	mov	ebx, [edi - 8]	; ebx = inc
    92 0000058F 011F                <1> 	add	[edi - 0], ebx
    93                              <1> .52E:
    94 00000591 8945FC              <1> 	mov	[ebp - 4], eax	; sum = eax
    95                              <1> 
    96 00000594 E2D0                <1> 	loop	.50L
    97                              <1> .50E:
    98                              <1> 
    99                              <1> 
   100 00000596 5F                  <1> 	pop	edi
   101 00000597 5E                  <1> 	pop	esi
   102 00000598 5A                  <1> 	pop	edx
   103 00000599 59                  <1> 	pop	ecx
   104 0000059A 5B                  <1> 	pop	ebx
   105 0000059B 58                  <1> 	pop	eax
   106                              <1> 
   107 0000059C 89EC                <1> 	mov	esp, ebp
   108 0000059E 5D                  <1> 	pop	ebp
   109                              <1> 
   110 0000059F C3                  <1> 	ret
   111                              <1> 
   112                              <1> 
   100                                  %include	"../modules/protect/draw_rect.s"
     1                              <1> draw_rect:	; draw_rect(x0,y0,x1,y1,color)
     2 000005A0 55                  <1> 	push	ebp
     3 000005A1 89E5                <1> 	mov	ebp, esp
     4                              <1> 
     5 000005A3 50                  <1> 	push	eax
     6 000005A4 53                  <1> 	push	ebx
     7 000005A5 51                  <1> 	push	ecx
     8 000005A6 52                  <1> 	push	edx
     9 000005A7 56                  <1> 	push	esi
    10                              <1> 
    11 000005A8 8B4508              <1> 	mov	eax, [ebp + 8]	; x0
    12 000005AB 8B5D0C              <1> 	mov	ebx, [ebp +12]	; y0
    13 000005AE 8B4D10              <1> 	mov	ecx, [ebp +16]	; x1
    14 000005B1 8B5514              <1> 	mov	edx, [ebp +20]	; y1
    15 000005B4 8B7518              <1> 	mov	esi, [ebp +24]	; color
    16                              <1> 
    17                              <1> 	; make "eax(x0) <= ebx(x1)" and
    18                              <1> 	;      "ecx(y0) <= edx(y1)"
    19                              <1> 	
    20 000005B7 39C8                <1> 	cmp	eax, ecx
    21 000005B9 7C01                <1> 	jl	.10E		; OK
    22 000005BB 91                  <1> 	xchg	eax, ecx
    23                              <1> .10E:
    24 000005BC 39D3                <1> 	cmp	ebx, edx
    25 000005BE 7C02                <1> 	jl	.20E		; OK
    26 000005C0 87DA                <1> 	xchg	ebx, edx
    27                              <1> .20E:
    28                              <1> 	; (EAX,EBX) -------- (ECX,EBX)
    29                              <1> 	;     |			 |
    30                              <1> 	;     |			 |
    31                              <1> 	;     |			 |
    32                              <1> 	;     |			 |
    33                              <1> 	; (EAX,EDX) -------- (ECX,EDX)
    34                              <1> 
    35 000005C2 5653515350E822FFFF- <1> 	cdecl	draw_line, eax, ebx, ecx, ebx, esi
    35 000005CB FF6683C414          <1>
    36 000005D0 5652505350E814FFFF- <1> 	cdecl	draw_line, eax, ebx, eax, edx, esi
    36 000005D9 FF6683C414          <1>
    37                              <1> 
    38 000005DE 4A                  <1> 	dec	edx
    39 000005DF 5652515250E805FFFF- <1> 	cdecl	draw_line, eax, edx, ecx, edx, esi
    39 000005E8 FF6683C414          <1>
    40 000005ED 42                  <1> 	inc	edx
    41                              <1> 
    42 000005EE 49                  <1> 	dec	ecx
    43 000005EF 5652515351E8F5FEFF- <1> 	cdecl	draw_line, ecx, ebx, ecx, edx, esi
    43 000005F8 FF6683C414          <1>
    44                              <1> 
    45 000005FD 5E                  <1> 	pop	esi
    46 000005FE 5A                  <1> 	pop	edx
    47 000005FF 59                  <1> 	pop	ecx
    48 00000600 5B                  <1> 	pop	ebx
    49 00000601 58                  <1> 	pop	eax
    50                              <1> 
    51 00000602 89EC                <1> 	mov	esp, ebp
    52 00000604 5D                  <1> 	pop	ebp
    53                              <1> 
    54 00000605 C3                  <1> 	ret
    55                              <1> 
   101                                  %include	"../modules/protect/itoa.s"
     1                              <1> itoa:	;itoa(num,buf,size,radix,flag);
     2 00000606 55                  <1> 	push 	ebp
     3 00000607 89E5                <1> 	mov	ebp, esp
     4                              <1> 
     5 00000609 50                  <1> 	push	eax
     6 0000060A 53                  <1> 	push	ebx
     7 0000060B 51                  <1> 	push	ecx
     8 0000060C 52                  <1> 	push	edx
     9 0000060D 56                  <1> 	push	esi
    10 0000060E 57                  <1> 	push	edi
    11                              <1> 
    12                              <1> 
    13                              <1> 	;init
    14 0000060F 0FB75D18            <1> 	movzx	ebx, word [ebp + 24]	; bx = flag
    15 00000613 8B4D10              <1> 	mov	ecx, [ebp + 16]	; cx = size
    16 00000616 8B750C              <1> 	mov	esi, [ebp + 12]	; si = dist
    17                              <1> 
    18 00000619 89F7                <1> 	mov	edi, esi
    19                              <1> 
    20                              <1> 	;cmp	cx,0
    21                              <1> 	;jg	.10A
    22                              <1> 	;jmp	.40A		; no buffer
    23                              <1> 
    24                              <1> .10A:				; start
    25                              <1> 
    26 0000061B B020                <1> 	mov	al,' '
    27 0000061D F7C304000000        <1> 	test	ebx, 0b0100
    28 00000623 7402                <1> 	je	.42E
    29 00000625 B030                <1> 	mov	al,'0'
    30                              <1> .42E:
    31 00000627 FC                  <1> 	cld
    32 00000628 F3AA                <1> 	rep	stosb
    33                              <1> 
    34 0000062A 8B4508              <1> 	mov	eax, [ebp + 8]	; ax = num	
    35 0000062D 8B4D10              <1> 	mov	ecx, [ebp + 16]	; cx = size
    36 00000630 89F7                <1> 	mov	edi, esi
    37 00000632 01CF                <1> 	add	edi, ecx		; di is tail of buffer
    38 00000634 4F                  <1> 	dec	edi
    39                              <1> 
    40 00000635 F7C301000000        <1> 	test	ebx, 0b0001	; tmp flag.is_signed
    41 0000063B 7408                <1> .10Q:	jz	.10E		; if tmp == unsigned 
    42 0000063D 83F800              <1>   	cmp	eax, 0		; check(ax - 0)
    43 00000640 7D03                <1> .12Q:	jge	.12E		; if 0 <= ax goto .12E
    44 00000642 83CB02              <1> 	or	ebx, 0b0010	; flag |= print_sign
    45                              <1> .12E:
    46                              <1> .10E:
    47                              <1> 	
    48                              <1> 
    49 00000645 F7C302000000        <1> 	test	ebx, 0b0010	; if flag.print_size
    50 0000064B 7410                <1> .20Q:	je	.20E		; not print sign
    51 0000064D 83F800              <1> 	cmp 	eax,0		; check(ax - 0)
    52 00000650 7D07                <1> 	jge	.22F		; if 0 <= ax got .22F
    53 00000652 F7D8                <1> 	neg	eax		; ax *= -1
    54 00000654 C6062D              <1> 	mov	[esi], byte '-'
    55 00000657 EB03                <1> 	jmp	.22E
    56 00000659 C6062B              <1> .22F:	mov	[esi], byte '+'
    57 0000065C 49                  <1> .22E:	dec	ecx		; finaly
    58                              <1> .20E:
    59                              <1> 
    60 0000065D 8B5D14              <1> 	mov	ebx,[ebp + 20]	; bx = radix
    61                              <1> .30L:
    62                              <1> 	
    63 00000660 BA00000000          <1> 	mov	edx, 0
    64 00000665 F7F3                <1> 	div	ebx		; DX = AX % radix
    65                              <1> 				; AX = AX / radix
    66                              <1> 
    67 00000667 89D6                <1> 	mov	esi, edx
    68 00000669 8A96[81060000]      <1> 	mov	dl, byte [.ascii + esi]	; DL = ASCII[DX]
    69                              <1> 
    70 0000066F 8817                <1> 	mov	[edi],dl		; start writing in tail of buffer
    71 00000671 4F                  <1> 	dec	edi
    72                              <1> 
    73 00000672 83F800              <1> 	cmp	eax,0
    74 00000675 E0E9                <1> 	loopnz	.30L
    75                              <1> 
    76                              <1> .40A:
    77                              <1> 
    78 00000677 5F                  <1> 	pop	edi
    79 00000678 5E                  <1> 	pop	esi
    80 00000679 5A                  <1> 	pop	edx
    81 0000067A 59                  <1> 	pop	ecx
    82 0000067B 5B                  <1> 	pop	ebx
    83 0000067C 58                  <1> 	pop	eax
    84                              <1> 
    85 0000067D 89EC                <1> 	mov	esp, ebp
    86 0000067F 5D                  <1> 	pop	ebp
    87                              <1> 
    88 00000680 C3                  <1> 	ret
    89                              <1> 
    90 00000681 303132333435363738- <1> .ascii	db	"0123456789ABCDEF"
    90 0000068A 39414243444546      <1>
    91                              <1> 
    92                              <1> 	
    93                              <1> 	
    94                              <1> 	
   102                                  %include	"../modules/protect/draw_time.s"
     1                              <1> draw_time:	; draw_time(col, row, color, time)
     2 00000691 55                  <1> 	push	ebp
     3 00000692 89E5                <1> 	mov	ebp, esp
     4                              <1> 
     5 00000694 50                  <1> 	push	eax
     6 00000695 53                  <1> 	push	ebx
     7                              <1> 
     8 00000696 8B4514              <1> 	mov	eax, [ebp +20]	; time
     9 00000699 0FB6D8              <1> 	movzx	ebx, al		; seconds
    10 0000069C 6A046A106A0268-     <1> 	cdecl	itoa, ebx, .sec, 2, 16, 0b0100
    10 000006A3 [03070000]53E859FF- <1>
    10 000006AB FFFF6683C414        <1>
    11                              <1> 
    12 000006B1 88E3                <1> 	mov	bl, ah
    13 000006B3 6A046A106A0268-     <1> 	cdecl	itoa, ebx, .min, 2, 16, 0b0100
    13 000006BA [00070000]53E842FF- <1>
    13 000006C2 FFFF6683C414        <1>
    14                              <1> 	; buffer size is 2. so ignore bh
    15                              <1> 
    16 000006C8 C1E810              <1> 	shr	eax, 16
    17 000006CB 6A046A106A0268-     <1> 	cdecl	itoa, eax, .hour, 2, 16, 0b0100
    17 000006D2 [FD060000]50E82AFF- <1>
    17 000006DA FFFF6683C414        <1>
    18                              <1> 
    19 000006E0 68[FD060000]FF7510- <1> 	cdecl	draw_str, dword[ebp + 8], dword[ebp +12], dword[ebp +16], .hour
    19 000006E8 FF750CFF7508E877FC- <1>
    19 000006F1 FFFF6683C410        <1>
    20                              <1> 
    21 000006F7 5B                  <1> 	pop	ebx
    22 000006F8 58                  <1> 	pop	eax
    23                              <1> 
    24 000006F9 89EC                <1> 	mov	esp, ebp
    25 000006FB 5D                  <1> 	pop	ebp
    26                              <1> 
    27 000006FC C3                  <1> 	ret
    28                              <1> 
    29                              <1> 
    30 000006FD 5A5A3A              <1> .hour:	db	"ZZ:"
    31 00000700 5A5A3A              <1> .min:	db	"ZZ:"
    32 00000703 5A5A00              <1> .sec:	db	"ZZ", 0
   103                                  %include	"../modules/protect/rtc.s"
     1                              <1> rtc_get_time:
     2 00000706 55                  <1> 	push	ebp
     3 00000707 89E5                <1> 	mov	ebp, esp
     4                              <1> 
     5 00000709 53                  <1> 	push	ebx
     6                              <1> 
     7 0000070A B00A                <1> 	mov	al, 0x0A
     8 0000070C E670                <1> 	out	0x70, al
     9 0000070E E471                <1> 	in	al, 0x71
    10                              <1> 
    11 00000710 A880                <1> 	test	al, 0x80
    12 00000712 7407                <1> 	je	.10F
    13 00000714 B801000000          <1> 	mov	eax, 1		; data updating. error
    14 00000719 EB27                <1> 	jmp	.10E
    15                              <1> .10F:
    16 0000071B B004                <1> 	mov	al, 0x04	; Hour
    17 0000071D E670                <1> 	out	0x70, al
    18 0000071F E471                <1> 	in	al, 0x71
    19                              <1> 	
    20 00000721 C1E008              <1> 	shl	eax, 8
    21                              <1> 
    22 00000724 B002                <1> 	mov	al, 0x02
    23 00000726 E670                <1> 	out	0x70, al
    24 00000728 E471                <1> 	in	al, 0x71
    25                              <1> 
    26 0000072A C1E008              <1> 	shl	eax, 8
    27                              <1> 	
    28 0000072D B000                <1> 	mov	al, 0x00
    29 0000072F E670                <1> 	out	0x70, al
    30 00000731 E471                <1> 	in	al, 0x71
    31                              <1> 
    32 00000733 25FFFFFF00          <1> 	and	eax, 0x00FFFFFF
    33                              <1> 
    34                              <1> 	; EAX             AX,AH   AL
    35                              <1> 	; ----====----====----====----====
    36                              <1> 	; 00000000[ HOUR ][  MIN ][  SEC ]
    37                              <1> 
    38 00000738 8B5D08              <1> 	mov	ebx, [ebp + 8]
    39 0000073B 8903                <1> 	mov	[ebx], eax
    40                              <1> 
    41 0000073D B800000000          <1> 	mov	eax, 0
    42                              <1> .10E:
    43                              <1> 
    44 00000742 5B                  <1> 	pop	ebx
    45                              <1> 
    46 00000743 89EC                <1> 	mov	esp, ebp
    47 00000745 5D                  <1> 	pop	ebp
    48                              <1> 
    49 00000746 C3                  <1> 	ret
    50                              <1> 
    51                              <1> 
   104                                  %include	"../modules/protect/int_rtc.s"
     1                              <1> int_rtc:
     2 00000747 60                  <1> 	pusha		; all registers in stack
     3 00000748 1E                  <1> 	push	ds
     4 00000749 06                  <1> 	push	es
     5                              <1> 
     6                              <1> 	; select second segment
     7 0000074A 66B81000            <1> 	mov	ax, 0x0010	; 8 * 2
     8 0000074E 8ED8                <1> 	mov	ds, ax
     9 00000750 8EC0                <1> 	mov	es, ax
    10                              <1> 
    11 00000752 68[B4010000]E8AAFF- <1> 	cdecl	rtc_get_time, RTC_TIME
    11 0000075A FFFF6683C404        <1>
    12                              <1> 
    13                              <1> 	outp	0x70, 0x0C
    13 00000760 B00C                <2>  mov al, %2
    13 00000762 E670                <2>  out %1, al
    14 00000764 E471                <1> 	in	al, 0x71
    15                              <1> 
    16 00000766 B020                <1> 	mov	al, 0x20	; End of interrupt command
    17 00000768 E620                <1> 	out	0x20, al
    18 0000076A E6A0                <1> 	out	0xA0, al
    19                              <1> 
    20 0000076C 07                  <1> 	pop	es
    21 0000076D 1F                  <1> 	pop	ds
    22 0000076E 61                  <1> 	popa
    23                              <1> 
    24 0000076F CF                  <1> 	iret
    25                              <1> 
    26                              <1> rtc_int_en:
    27 00000770 55                  <1> 	push	ebp
    28 00000771 89E5                <1> 	mov	ebp, esp
    29                              <1> 
    30 00000773 50                  <1> 	push	eax
    31                              <1> 
    32                              <1> 	outp	0x70, 0x0B
    32 00000774 B00B                <2>  mov al, %2
    32 00000776 E670                <2>  out %1, al
    33                              <1> 
    34 00000778 E471                <1> 	in	al, 0x71
    35 0000077A 0A4508              <1> 	or	al, [ebp + 8]
    36                              <1> 
    37 0000077D E671                <1> 	out	0x71, al
    38                              <1> 
    39 0000077F 58                  <1> 	pop	eax
    40                              <1> 
    41 00000780 89EC                <1> 	mov	esp, ebp
    42 00000782 5D                  <1> 	pop	ebp
    43                              <1> 
    44 00000783 C3                  <1> 	ret
    45                              <1> 
   105                                  %include	"../modules/protect/pic.s"
     1                              <1> init_pic:	; () -> ()
     2                              <1> ; see p298
     3                              <1> ; ICW -- Initializion command words
     4 00000784 50                  <1> 	push	eax
     5                              <1> 
     6                              <1> 	outp	0x20, 0x11	; ICW1, ICW4 enable
     6 00000785 B011                <2>  mov al, %2
     6 00000787 E620                <2>  out %1, al
     7                              <1> 	outp	0x21, 0x20	; ICW2, base address is 0x20
     7 00000789 B020                <2>  mov al, %2
     7 0000078B E621                <2>  out %1, al
     8                              <1> 	outp	0x21, 0x04	; ICW3, slave position, 0b0000_0100. on third
     8 0000078D B004                <2>  mov al, %2
     8 0000078F E621                <2>  out %1, al
     9                              <1> 	outp	0x21, 0x05	; ICW4, ???
     9 00000791 B005                <2>  mov al, %2
     9 00000793 E621                <2>  out %1, al
    10                              <1> 	outp	0x21, 0xFF	; mask
    10 00000795 B0FF                <2>  mov al, %2
    10 00000797 E621                <2>  out %1, al
    11                              <1> 
    12                              <1> 	outp	0xA0, 0x11	; ICW1, ICW4 enable
    12 00000799 B011                <2>  mov al, %2
    12 0000079B E6A0                <2>  out %1, al
    13                              <1> 	outp	0xA1, 0x28	; ICW2, base address is 0x28(0x20 + 8(master))
    13 0000079D B028                <2>  mov al, %2
    13 0000079F E6A1                <2>  out %1, al
    14                              <1> 	outp	0xA1, 0x02	; slave ID is 0x02
    14 000007A1 B002                <2>  mov al, %2
    14 000007A3 E6A1                <2>  out %1, al
    15                              <1> 	outp	0xA1, 0x01	; normal end of interrupt
    15 000007A5 B001                <2>  mov al, %2
    15 000007A7 E6A1                <2>  out %1, al
    16                              <1> 	outp	0xA1, 0xFF	; mask
    16 000007A9 B0FF                <2>  mov al, %2
    16 000007AB E6A1                <2>  out %1, al
    17                              <1> 
    18 000007AD 58                  <1> 	pop	eax
    19                              <1> 
    20 000007AE C3                  <1> 	ret
   106                                  %include	"../modules/protect/interrupt.s"
     1                              <1> int_stop:
     2 000007AF FB                  <1> 	sti
     3                              <1> 
     4 000007B0 50680F0600006A0F6A- <1> 	cdecl	draw_str, 25, 15, 0x060F, eax
     4 000007B9 19E8ABFBFFFF6683C4- <1>
     4 000007C2 10                  <1>
     5                              <1> 
     6 000007C3 8B0424              <1> 	mov	eax, [esp + 0]
     7 000007C6 6A046A106A0868-     <1> 	cdecl	itoa, eax, .p1, 8, 16, 0b0100
     7 000007CD [8B080000]50E82FFE- <1>
     7 000007D5 FFFF6683C414        <1>
     8                              <1> 	
     9 000007DB 8B442404            <1> 	mov	eax, [esp + 4]
    10 000007DF 6A046A106A0868-     <1> 	cdecl	itoa, eax, .p2, 8, 16, 0b0100
    10 000007E6 [9C080000]50E816FE- <1>
    10 000007EE FFFF6683C414        <1>
    11                              <1> 	
    12 000007F4 8B442408            <1> 	mov	eax, [esp + 8]
    13 000007F8 6A046A106A0868-     <1> 	cdecl	itoa, eax, .p3, 8, 16, 0b0100
    13 000007FF [AD080000]50E8FDFD- <1>
    13 00000807 FFFF6683C414        <1>
    14                              <1> 	
    15 0000080D 8B44240C            <1> 	mov	eax, [esp +12]
    16 00000811 6A046A106A0868-     <1> 	cdecl	itoa, eax, .p4, 8, 16, 0b0100
    16 00000818 [BE080000]50E8E4FD- <1>
    16 00000820 FFFF6683C414        <1>
    17                              <1> 
    18 00000826 68[84080000]68040F- <1> 	cdecl	draw_str, 25, 16, 0x0F04, .s1
    18 0000082E 00006A106A19E831FB- <1>
    18 00000837 FFFF6683C410        <1>
    19 0000083D 68[95080000]68040F- <1> 	cdecl	draw_str, 25, 17, 0x0F04, .s2
    19 00000845 00006A116A19E81AFB- <1>
    19 0000084E FFFF6683C410        <1>
    20 00000854 68[A6080000]68040F- <1> 	cdecl	draw_str, 25, 18, 0x0F04, .s3
    20 0000085C 00006A126A19E803FB- <1>
    20 00000865 FFFF6683C410        <1>
    21 0000086B 68[B7080000]68040F- <1> 	cdecl	draw_str, 25, 19, 0x0F04, .s4
    21 00000873 00006A136A19E8ECFA- <1>
    21 0000087C FFFF6683C410        <1>
    22                              <1> 
    23 00000882 EBFE                <1> 	jmp	$
    24                              <1> 
    25 00000884 4553502B20303A      <1> .s1:	db	"ESP+ 0:"
    26 0000088B 2D2D2D2D2D2D2D2D20- <1> .p1:	db	"-------- ", 0
    26 00000894 00                  <1>
    27 00000895 2020202B20343A      <1> .s2:	db	"   + 4:"
    28 0000089C 2D2D2D2D2D2D2D2D20- <1> .p2:	db	"-------- ", 0
    28 000008A5 00                  <1>
    29 000008A6 2020202B20383A      <1> .s3:	db	"   + 8:"
    30 000008AD 2D2D2D2D2D2D2D2D20- <1> .p3:	db	"-------- ", 0
    30 000008B6 00                  <1>
    31 000008B7 2020202B31323A      <1> .s4:	db	"   +12:"
    32 000008BE 2D2D2D2D2D2D2D2D20- <1> .p4:	db	"-------- ", 0
    32 000008C7 00                  <1>
    33                              <1> 	
    34                              <1> 
    35                              <1> int_default:
    36 000008C8 9C                  <1> 	pushf
    37 000008C9 0E                  <1> 	push	cs
    38 000008CA 68[AF070000]        <1> 	push	int_stop
    39                              <1> 
    40 000008CF B8[D5080000]        <1> 	mov	eax, .s0
    41 000008D4 CF                  <1> 	iret
    42                              <1> 
    43 000008D5 203C2020202053544F- <1> .s0:	db	" <    STOP    > ", 0
    43 000008DE 50202020203E2000    <1>
    44                              <1> 
    45                              <1> init_int:
    46 000008E6 55                  <1> 	push	ebp
    47 000008E7 89E5                <1> 	mov	ebp, esp
    48                              <1> 
    49 000008E9 50                  <1> 	push	eax
    50 000008EA 53                  <1> 	push	ebx
    51 000008EB 51                  <1> 	push	ecx
    52 000008EC 57                  <1> 	push	edi
    53                              <1> 
    54 000008ED 8D05[C8080000]      <1> 	lea	eax, [int_default]
    55 000008F3 BB008E0800          <1> 	mov	ebx, 0x0008_8E00
    56 000008F8 6693                <1> 	xchg	ax, bx
    57                              <1> 
    58                              <1> 	; eax -> int_default[32:16]::8E00
    59                              <1> 	; ebx -> 0x0008		   ::int_default[15:0]
    60                              <1> 	; [eax:ebx] is interrupt disc
    61                              <1> 
    62                              <1> 
    63                              <1> 
    64 000008FA B900010000          <1> 	mov	ecx, 256
    65 000008FF BF00001000          <1> 	mov	edi, VECT_BASE
    66                              <1> .10L:
    67 00000904 891F                <1> 	mov	[edi + 0], ebx	; bottom
    68 00000906 894704              <1> 	mov	[edi + 4], eax	; top
    69 00000909 83C708              <1> 	add	edi, 8
    70 0000090C E2F6                <1> 	loop	.10L
    71                              <1> 
    72 0000090E 0F011D[00000000]    <1> 	lidt	[IDTR]
    73                              <1> 
    74 00000915 5F                  <1> 	pop	edi
    75 00000916 59                  <1> 	pop	ecx
    76 00000917 5B                  <1> 	pop	ebx
    77 00000918 58                  <1> 	pop	eax
    78                              <1> 
    79 00000919 89EC                <1> 	mov	esp, ebp
    80 0000091B 5D                  <1> 	pop	ebp
    81                              <1> 
    82 0000091C C3                  <1> 	ret
    83                              <1> 
    84                              <1> int_zero_div:
    85 0000091D 9C                  <1> 	pushf
    86 0000091E 0E                  <1> 	push	cs
    87 0000091F 68[AF070000]        <1> 	push	int_stop
    88                              <1> 
    89 00000924 B8[2A090000]        <1> 	mov	eax, .s0
    90 00000929 CF                  <1> 	iret
    91                              <1> 
    92                              <1> 
    93 0000092A 203C20205A45524F5F- <1> .s0:	db	" <  ZERO_DIV  > ", 0
    93 00000933 44495620203E2000    <1>
   107                                  %include	"../modules/protect/int_keyboard.s"
     1                              <1> int_keyboard:
     2 0000093B 60                  <1> 	pusha
     3 0000093C 1E                  <1> 	push	ds
     4 0000093D 06                  <1> 	push	es
     5                              <1> 
     6 0000093E 66B81000            <1> 	mov	ax, 0x0010	; SEL_DATA. see 468p
     7 00000942 8ED8                <1> 	mov	ds, ax
     8 00000944 8EC0                <1> 	mov	es, ax
     9                              <1> 
    10 00000946 E460                <1> 	in	al, 0x60
    11                              <1> 	; see 291p
    12                              <1> 	; when interrupted, data can be read
    13                              <1> 
    14 00000948 5068[60090000]E855- <1> 	cdecl	ring_wr, _KEY_BUFF, eax
    14 00000950 0000006683C408      <1>
    15                              <1> 	
    16                              <1> 	outp	0x20, 0x20
    16 00000957 B020                <2>  mov al, %2
    16 00000959 E620                <2>  out %1, al
    17                              <1> 	; end of interrupt command to master only
    18                              <1> 
    19 0000095B 07                  <1> 	pop	es
    20 0000095C 1F                  <1> 	pop	ds
    21 0000095D 61                  <1> 	popa
    22                              <1> 
    23 0000095E CF                  <1> 	iret
    24                              <1> 
    25 0000095F 00                  <1> ALIGN	4,	db	0
    26 00000960 00<rept>            <1> _KEY_BUFF:	times	ring_buff_size	db	0
    27                              <1> ; ring buff
    28                              <1> ; ring_buff_size is struct "ring_buff"'s size created by nasm
    29                              <1> 
    30                              <1> 	
   108                                  ;%include	"../../../../testOS/src/modules/protect/int_keyboard.s"
   109                                  %include	"../modules/protect/ring_buff.s"
     1                              <1> ring_rd:	; ring_rd(ring_address, dest_address)
     2                              <1> 		; return eax
     3 00000978 55                  <1> 	push	ebp
     4 00000979 89E5                <1> 	mov	ebp, esp
     5                              <1> 
     6 0000097B 56                  <1> 	push	esi
     7 0000097C 57                  <1> 	push	edi
     8 0000097D 53                  <1> 	push	ebx
     9                              <1> 
    10 0000097E 8B7508              <1> 	mov	esi, [ebp + 8]
    11 00000981 8B7D0C              <1> 	mov	edi, [ebp +12]
    12                              <1> 
    13 00000984 B800000000          <1> 	mov	eax, 0
    14 00000989 8B1E                <1> 	mov	ebx, [esi + ring_buff.rp]
    15 0000098B 3B5E04              <1> 	cmp	ebx, [esi + ring_buff.wp]
    16 0000098E 7411                <1> 	je	.10E					; no data. eax = 0
    17                              <1> 
    18 00000990 8A441E08            <1> 	mov	al, [esi + ring_buff.item + ebx]	; read point
    19                              <1> 	
    20 00000994 8807                <1> 	mov	[edi], al
    21                              <1> 	
    22 00000996 43                  <1> 	inc	ebx
    23 00000997 83E30F              <1> 	and	ebx, RING_INDEX_MASK			; % 8
    24 0000099A 891E                <1> 	mov	[esi + ring_buff.rp], ebx
    25                              <1> 
    26 0000099C B801000000          <1> 	mov	eax, 1					; read something
    27                              <1> 
    28                              <1> .10E:
    29 000009A1 5B                  <1> 	pop	ebx
    30 000009A2 5F                  <1> 	pop	edi
    31 000009A3 5E                  <1> 	pop	esi
    32                              <1> 
    33 000009A4 89EC                <1> 	mov	esp, ebp
    34 000009A6 5D                  <1> 	pop	ebp
    35                              <1> 
    36 000009A7 C3                  <1> 	ret
    37                              <1> 
    38                              <1> ring_wr:	; ring_wr(ring_address, src) src is not address. 
    39 000009A8 55                  <1> 	push	ebp
    40 000009A9 89E5                <1> 	mov	ebp, esp
    41                              <1> 
    42 000009AB 56                  <1> 	push	esi
    43 000009AC 53                  <1> 	push	ebx
    44 000009AD 51                  <1> 	push	ecx
    45                              <1> 
    46 000009AE 8B7508              <1> 	mov	esi, [ebp + 8]
    47                              <1> 
    48 000009B1 8B5E04              <1> 	mov	ebx, [esi + ring_buff.wp]
    49 000009B4 89D9                <1> 	mov	ecx, ebx
    50 000009B6 41                  <1> 	inc	ecx
    51 000009B7 83E10F              <1> 	and	ecx, RING_INDEX_MASK
    52                              <1> 	; ebx is write point
    53                              <1> 	; ecx is next point
    54                              <1> 
    55 000009BA 3B0E                <1> 	cmp	ecx, [esi + ring_buff.rp]
    56 000009BC 740F                <1> 	je	.10E
    57                              <1> 
    58                              <1> 	; can write
    59 000009BE 8A450C              <1> 	mov	al, [ebp +12]
    60 000009C1 88441E08            <1> 	mov	[esi + ring_buff.item + ebx], al	; ebx is index
    61 000009C5 894E04              <1> 	mov	[esi + ring_buff.wp], ecx		; next point
    62                              <1> 
    63 000009C8 B801000000          <1> 	mov	eax, 1					; OK
    64                              <1> .10E:
    65 000009CD 59                  <1> 	pop	ecx
    66 000009CE 5B                  <1> 	pop	ebx
    67 000009CF 5E                  <1> 	pop	esi
    68                              <1> 
    69 000009D0 89EC                <1> 	mov	esp, ebp
    70 000009D2 5D                  <1> 	pop	ebp
    71                              <1> 
    72 000009D3 C3                  <1> 	ret
    73                              <1> 	
    74                              <1> 
    75                              <1> draw_key:	
    76 000009D4 55                  <1> 	push	ebp
    77 000009D5 89E5                <1> 	mov	ebp, esp
    78                              <1> 
    79 000009D7 60                  <1> 	pusha
    80                              <1> 	; easy
    81                              <1> 
    82 000009D8 8B5508              <1> 	mov	edx, [ebp + 8]	; x offset
    83 000009DB 8B7D0C              <1> 	mov	edi, [ebp +12]	; y offset
    84 000009DE 8B7510              <1> 	mov	esi, [ebp +16]	; ring buff address
    85                              <1> 
    86 000009E1 8B5E04              <1> 	mov	ebx, [esi + ring_buff.wp]	; seeing point
    87 000009E4 8D7608              <1> 	lea	esi, [esi + ring_buff.item]	; item start address
    88 000009E7 B910000000          <1> 	mov	ecx, RING_ITEM_SIZE
    89                              <1> .10L:
    90 000009EC 4B                  <1> 	dec	ebx
    91                              <1> 	; 3 -> 2, 0 -> FF
    92 000009ED 83E30F              <1> 	and	ebx, RING_INDEX_MASK
    93 000009F0 8A041E              <1> 	mov	al, [esi + ebx]
    94                              <1> 
    95 000009F3 6A046A106A0268-     <1> 	cdecl	itoa, eax, .tmp, 2, 0x10, 0b0100
    95 000009FA [240A0000]50E802FC- <1>
    95 00000A02 FFFF6683C414        <1>
    96 00000A08 68[240A0000]6A0257- <1> 	cdecl	draw_str, edx, edi, 0x02, .tmp
    96 00000A10 52E854F9FFFF6683C4- <1>
    96 00000A19 10                  <1>
    97                              <1> 
    98 00000A1A 83C203              <1> 	add	edx, 3
    99                              <1> 	; string is 2, so space is 1
   100                              <1> 
   101 00000A1D E2CD                <1> 	loop	.10L
   102                              <1> 
   103 00000A1F 61                  <1> 	popa
   104                              <1> 
   105 00000A20 89EC                <1> 	mov	esp, ebp
   106 00000A22 5D                  <1> 	pop	ebp
   107                              <1> 
   108 00000A23 C3                  <1> 	ret
   109                              <1> 
   110 00000A24 2D2D00              <1> .tmp:	db	"--",0
   110                                  %include	"../modules/protect/call_gate.s"
     1                              <1> call_gate:
     2                              <1> 	;retf	4 * 4
     3                              <1> ; if SS_GATE_0 called
     4 00000A27 55                  <1> 	push	ebp
     5 00000A28 89E5                <1> 	mov	ebp, esp
     6                              <1> 
     7 00000A2A 60                  <1> 	pusha
     8 00000A2B 1E                  <1> 	push	ds
     9 00000A2C 06                  <1> 	push	es
    10                              <1> 
    11 00000A2D 66B81000            <1> 	mov	ax, 0x0010
    12 00000A31 8ED8                <1> 	mov	ds, ax
    13 00000A33 8EC0                <1> 	mov	es, ax
    14                              <1> 
    15                              <1> 	;str	ax
    16                              <1> 	;cmp	ax, SS_TASK_1
    17                              <1> 	;je	.11L
    18                              <1> 
    19                              <1> 	;cdecl	draw_str, 0, 0, 0x010F, .t0
    20                              <1> 	;jmp	.10E
    21                              <1> .11L:
    22                              <1> 	;cdecl	draw_str, 0, 0, 0x010F, .t1
    23                              <1> .10E:
    24                              <1> 		
    25                              <1> 	;cdecl	itoa, esp, .t2, 8, 16, 0b0100
    26                              <1> 	;cdecl	draw_str, 0, 1, 0x010F, .t2
    27                              <1> 
    28                              <1> 	;cdecl	itoa, dword [ESP_COUNTER], .t3, 8, 16, 0b0100
    29                              <1> 	;cdecl	draw_str, 0, 2, 0x010F, .t3
    30                              <1> 	
    31                              <1> 
    32                              <1> 
    33                              <1> 	; ebp + 0 -- EBP
    34                              <1> 	; ebp + 4 -- EIP
    35                              <1> 	; ebp + 8 -- CS
    36 00000A35 8B450C              <1> 	mov	eax, dword[ebp +12]
    37 00000A38 8B5D10              <1> 	mov	ebx, dword[ebp +16]
    38 00000A3B 8B4D14              <1> 	mov	ecx, dword[ebp +20]
    39 00000A3E 8B5518              <1> 	mov	edx, dword[ebp +24]
    40 00000A41 52515350E820F9FFFF- <1> 	cdecl	draw_str, eax, ebx, ecx, edx
    40 00000A4A 6683C410            <1>
    41                              <1> 	; wrapper
    42                              <1> 
    43 00000A4E 07                  <1> 	pop	es
    44 00000A4F 1F                  <1> 	pop	ds
    45 00000A50 61                  <1> 	popa
    46                              <1> 
    47 00000A51 89EC                <1> 	mov	esp, ebp
    48 00000A53 5D                  <1> 	pop	ebp
    49                              <1> 
    50 00000A54 CA1000              <1> 	retf	4 * 4	; 4 DWORDs
    51                              <1> 
    52                              <1> 
    53 00000A57 7461736B5F3000      <1> .t0:	db	"task_0",0
    54 00000A5E 7461736B5F3100      <1> .t1:	db	"task_1",0
    55 00000A65 2D2D2D2D2D2D2D2D00  <1> .t2:	db	"--------", 0
    56 00000A6E 2D2D2D2D2D2D2D2D00  <1> .t3:	db	"--------", 0
   111                                  ;%include	"../modules/protect/int_timer.s"
   112                                  %include	"modules/my_int_timer.s"
     1                              <1> int_timer:
     2 00000A77 60                  <1> 	pushad
     3 00000A78 06                  <1> 	push	es
     4 00000A79 1E                  <1> 	push	ds
     5                              <1> 
     6 00000A7A 66B81000            <1> 	mov	ax, 0x10
     7 00000A7E 8ED8                <1> 	mov	ds, ax
     8 00000A80 8EC0                <1> 	mov	es, ax
     9                              <1> 
    10 00000A82 FF05[AC0A0000]      <1> 	inc	dword[TIMER_COUNT]
    11                              <1> 
    12                              <1> 	outp	0x20, 0x20
    12 00000A88 B020                <2>  mov al, %2
    12 00000A8A E620                <2>  out %1, al
    13                              <1> 	
    14 00000A8C 660F00C8            <1> 	str	ax
    15 00000A90 6683F828            <1> 	cmp	ax, SS_TASK_1
    16 00000A94 7409                <1> 	je	.11L		; now 11 run
    17                              <1> 
    18                              <1> 
    19 00000A96 EA000000002800      <1> 	jmp	SS_TASK_1:0
    20 00000A9D EB09                <1> 	jmp	.10E
    21                              <1> .11L:
    22 00000A9F EA000000002000      <1> 	jmp	SS_TASK_0:0
    23 00000AA6 EB00                <1> 	jmp	.10E
    24                              <1> .10E:
    25                              <1> 
    26 00000AA8 1F                  <1> 	pop	ds
    27 00000AA9 07                  <1> 	pop	es
    28 00000AAA 61                  <1> 	popad
    29                              <1> 	
    30 00000AAB CF                  <1> 	iret
    31                              <1> 
    32                              <1> ALIGN	4,	db	0
    33 00000AAC 0000000000000000    <1> TIMER_COUNT:	dq	0
    34                              <1> 
    35                              <1> 
    36                              <1> int_en_timer:
    37 00000AB4 55                  <1> 	push	ebp
    38 00000AB5 89E5                <1> 	mov	ebp, esp
    39                              <1> 	
    40 00000AB7 50                  <1> 	push	eax
    41                              <1> 
    42                              <1> 	outp	0x43, 0b00_11_010_0
    42 00000AB8 B034                <2>  mov al, %2
    42 00000ABA E643                <2>  out %1, al
    43                              <1> 	; counter 0
    44                              <1> 	; access mode, bottom -> top
    45                              <1> 	; mode, 2
    46                              <1> 	; bcd
    47                              <1> 
    48                              <1> 	outp	0x40, 0x9C
    48 00000ABC B09C                <2>  mov al, %2
    48 00000ABE E640                <2>  out %1, al
    49                              <1> 	outp	0x40, 0x2E
    49 00000AC0 B02E                <2>  mov al, %2
    49 00000AC2 E640                <2>  out %1, al
    50                              <1> 	; 2E9C(16) = 11932(10) = (1193182 / 100)
    51                              <1> 
    52 00000AC4 58                  <1> 	pop	eax
    53                              <1> 
    54 00000AC5 89EC                <1> 	mov 	esp, ebp
    55 00000AC7 5D                  <1> 	pop	ebp
    56                              <1> 
    57 00000AC8 C3                  <1> 	ret
    58                              <1> 
    59                              <1> 
   113                                  %include	"../modules/protect/draw_rotation_bar.s"
     1                              <1> draw_rotation_bar:
     2 00000AC9 55                  <1> 	push	ebp
     3 00000ACA 89E5                <1> 	mov	ebp, esp
     4                              <1> 	
     5 00000ACC 50                  <1> 	push	eax
     6                              <1> 
     7 00000ACD A1[AC0A0000]        <1> 	mov	eax, [TIMER_COUNT]
     8 00000AD2 C1E808              <1> 	shr	eax, 8
     9 00000AD5 3B05[000B0000]      <1> 	cmp	eax, [.index]	; per 10ms * 16
    10 00000ADB 741E                <1> 	je	.10E
    11                              <1> 
    12 00000ADD A3[000B0000]        <1> 	mov	[.index], eax
    13 00000AE2 83E003              <1> 	and	eax, 0x03
    14                              <1> 
    15 00000AE5 8A80[040B0000]      <1> 	mov	al, [.table + eax]
    16 00000AEB 506A0F6A1D6A00E874- <1> 	cdecl	draw_char, 0, 29, 0x000F, eax
    16 00000AF4 F7FFFF6683C410      <1>
    17                              <1> .10E:
    18 00000AFB 58                  <1> 	pop	eax
    19                              <1> 
    20 00000AFC 89EC                <1> 	mov	esp, ebp
    21 00000AFE 5D                  <1> 	pop	ebp
    22                              <1> 
    23 00000AFF C3                  <1> 	ret
    24                              <1> 
    25                              <1> ALIGN	4,	db	0
    26 00000B00 00000000            <1> .index:		dd	0
    27 00000B04 7C2F2D5C            <1> .table:		dd	"|/-\"
   114                                  %include	"descriptor.s"
     1                              <1> ; setting of task0 
     2 00000B08 0000000000000000    <1> LDT:		dq	0x0000_0000_0000_0000
     3 00000B10 FFFF0000009ACF00    <1> .cs_task_0:	dq	0x00CF_9A00_0000_FFFF
     4 00000B18 FFFF00000092CF00    <1> .ds_task_0:	dq	0x00CF_9200_0000_FFFF
     5 00000B20 FFFF000000FACF00    <1> .cs_task_1:	dq	0x00CF_FA00_0000_FFFF
     6 00000B28 FFFF000000F2CF00    <1> .ds_task_1:	dq	0x00CF_F200_0000_FFFF
     7                              <1> .end:
     8                              <1> 
     9                              <1> ; ldt indexes
    10                              <1> CS_TASK_0:	equ	(.cs_task_0 - LDT) | 4	; offset | (use LDT bit)
    11                              <1> DS_TASK_0:	equ	(.ds_task_0 - LDT) | 4
    12                              <1> CS_TASK_1:	equ	(.cs_task_1 - LDT) | 4 | 3	; offset | (use LDT bit) | (level = 3)
    13                              <1> DS_TASK_1:	equ	(.ds_task_1 - LDT) | 4 | 3	
    14                              <1> 
    15                              <1> LDT_LIMIT	equ	.end - LDT - 1
    16                              <1> 
    17                              <1> 
    18 00000B30 0000000000000000    <1> GDT:		dq	0x0000_0000_0000_0000
    19 00000B38 FFFF0000009ACF00    <1> .cs_kernel:	dq	0x00CF_9A00_0000_FFFF
    20 00000B40 FFFF00000092CF00    <1> .ds_kernel:	dq	0x00CF_9200_0000_FFFF
    21 00000B48 0000000000820000    <1> .ldt		dq	0x0000_8200_0000_0000	; uninitialized
    22 00000B50 6700000000890000    <1> .tss_0:		dq	0x0000_8900_0000_0067	; uninitialized(but flags are initialized)
    23 00000B58 6700000000890000    <1> .tss_1:		dq	0x0000_8900_0000_0067	; uninitialized(buf flags are initialized)
    24 00000B60 0000080004EC0000    <1> .call_gate:	dq	0x0000_EC04_0008_0000
    25                              <1> .end:
    26                              <1> 
    27                              <1> ; gdt indexes
    28                              <1> CS_KERNEL	equ	.cs_kernel - GDT
    29                              <1> DS_KERNEL	equ	.ds_kernel - GDT
    30                              <1> SS_LDT		equ	.ldt - GDT
    31                              <1> SS_TASK_0	equ	.tss_0 - GDT
    32                              <1> SS_TASK_1	equ	.tss_1 - GDT
    33                              <1> SS_GATE_0	equ	.call_gate - GDT
    34                              <1> 
    35 00000B68 3700                <1> GDTR:		dw	GDT.end - GDT - 1
    36 00000B6A [300B0000]          <1> 		dd	GDT
    37                              <1> 
    38                              <1> TSS_0:
    39 00000B6E 00000000            <1> .link:   dd 0
    40 00000B72 00321000            <1> .esp0:   dd SP_TASK_0 - STACK_SIZE / 2
    41 00000B76 10000000            <1> .ss0:    dd DS_KERNEL
    42 00000B7A 00000000            <1> .esp1:   dd 0
    43 00000B7E 00000000            <1> .ss1:    dd 0
    44 00000B82 00000000            <1> .esp2:   dd 0
    45 00000B86 00000000            <1> .ss2:    dd 0
    46 00000B8A 00000000            <1> .cr3:    dd 0
    47 00000B8E 00000000            <1> .eip:    dd 0
    48 00000B92 00000000            <1> .eflags: dd 0
    49 00000B96 00000000            <1> .eax:    dd 0
    50 00000B9A 00000000            <1> .ecx:    dd 0
    51 00000B9E 00000000            <1> .edx:    dd 0
    52 00000BA2 00000000            <1> .ebx:    dd 0
    53 00000BA6 00000000            <1> .esp:    dd 0
    54 00000BAA 00000000            <1> .ebp:    dd 0
    55 00000BAE 00000000            <1> .esi:    dd 0
    56 00000BB2 00000000            <1> .edi:    dd 0
    57 00000BB6 00000000            <1> .es:     dd 0
    58 00000BBA 00000000            <1> .cs:     dd 0
    59 00000BBE 00000000            <1> .ss:     dd 0
    60 00000BC2 00000000            <1> .ds:     dd 0
    61 00000BC6 00000000            <1> .fs:     dd 0
    62 00000BCA 00000000            <1> .gs:     dd 0
    63 00000BCE 00000000            <1> .ldt:    dd 0
    64 00000BD2 00000000            <1> .io:     dd 0
    65                              <1> 
    66                              <1> TSS_1:
    67 00000BD6 00000000            <1> .link:   dd 0
    68 00000BDA 00361000            <1> .esp0:   dd SP_TASK_1 - STACK_SIZE / 2
    69 00000BDE 10000000            <1> .ss0:    dd DS_KERNEL
    70 00000BE2 00000000            <1> .esp1:   dd 0
    71 00000BE6 00000000            <1> .ss1:    dd 0
    72 00000BEA 00000000            <1> .esp2:   dd 0
    73 00000BEE 00000000            <1> .ss2:    dd 0
    74 00000BF2 00000000            <1> .cr3:    dd 0
    75 00000BF6 [3E0C0000]          <1> .eip:    dd task_1
    76 00000BFA 02020000            <1> .eflags: dd 0x0202
    77 00000BFE 00000000            <1> .eax:    dd 0
    78 00000C02 00000000            <1> .ecx:    dd 0
    79 00000C06 00000000            <1> .edx:    dd 0
    80 00000C0A 00000000            <1> .ebx:    dd 0
    81 00000C0E 00381000            <1> .esp:    dd SP_TASK_1
    82 00000C12 00000000            <1> .ebp:    dd 0
    83 00000C16 00000000            <1> .esi:    dd 0
    84 00000C1A 00000000            <1> .edi:    dd 0
    85 00000C1E 27000000            <1> .es:     dd DS_TASK_1
    86 00000C22 1F000000            <1> .cs:     dd CS_TASK_1
    87 00000C26 27000000            <1> .ss:     dd DS_TASK_1
    88 00000C2A 27000000            <1> .ds:     dd DS_TASK_1
    89 00000C2E 27000000            <1> .fs:     dd DS_TASK_1
    90 00000C32 27000000            <1> .gs:     dd DS_TASK_1
    91 00000C36 18000000            <1> .ldt:    dd SS_LDT
    92 00000C3A 00000000            <1> .io:     dd 0
    93                              <1> 
   115                                  %include	"task/task_1.s"
     1                              <1> task_1:
     2                              <1> 	; cdecl	draw_str, 63, 0, 0x07, .s0
     3                              <1> 	; cdecl	itoa, esp, .t0, 8, 16, 0b0100
     4                              <1> 	; cdecl	draw_str, 0, 2, 0x010F, .s0
     5                              <1> 	;mov	[ESP_COUNTER], esp
     6                              <1> 	; task_1 dose not have level 0
     7 00000C3E 68[560C0000]6A076A- <1> 	cdecl	SS_GATE_0:0, 63, 0, 0x07, .s0
     7 00000C46 006A3F9A0000000030- <1>
     7 00000C4F 006683C410          <1>
     8                              <1> .10L:
     9                              <1> 	;cdecl	itoa, esp, .t0, 8, 16, 0b0100	
    10                              <1> 	;cdecl	SS_GATE_0:0, 63, 0, 0x07, .t0
    11                              <1> 	;mov	[ESP_COUNTER], esp
    12                              <1> 	
    13                              <1> 	;cdecl	SS_GATE_0:0, 63, 0, 0x07, .s0
    14                              <1> 	
    15                              <1> 	;mov	eax, [RTC_TIME]
    16                              <1> 	;cdecl	draw_time, 72, 0, 0x0700, eax
    17                              <1> 
    18                              <1> 	; jmp	SS_TASK_0:0	
    19                              <1> 
    20 00000C54 EBFE                <1> 	jmp	.10L
    21                              <1> 
    22                              <1> 
    23                              <1> 
    24 00000C56 5461736B2D3100      <1> .s0	db	"Task-1", 0
   116                                  ;%include	"../../../../testOS/src/modules/protect/ring_buff.s"
   117                                  ;%include	"../../../../testOS/src/modules/protect/some.s"
   118                                  
   119                                  
   120                                  
   121 00000C5D 00<rept>                	times	KERNEL_SIZE - ($ - $$)	db	0
